SF:c:\Users\radug\OneDrive\Desktop\Licenta\src\Modules.Aircrafts\Domain\Aircraft.cs
FN:4,System.Guid Modules.Aircrafts.Domain.Aircraft::get_Id()
FNDA:24,System.Guid Modules.Aircrafts.Domain.Aircraft::get_Id()
DA:5,24
FN:5,System.Guid Modules.Aircrafts.Domain.Aircraft::get_ScenarioConfigId()
FNDA:14,System.Guid Modules.Aircrafts.Domain.Aircraft::get_ScenarioConfigId()
DA:6,14
FN:6,System.String Modules.Aircrafts.Domain.Aircraft::get_TailNumber()
FNDA:14,System.String Modules.Aircrafts.Domain.Aircraft::get_TailNumber()
DA:7,14
FN:7,System.String Modules.Aircrafts.Domain.Aircraft::get_Model()
FNDA:14,System.String Modules.Aircrafts.Domain.Aircraft::get_Model()
DA:8,14
FN:8,System.Int32 Modules.Aircrafts.Domain.Aircraft::get_MaxPassengers()
FNDA:14,System.Int32 Modules.Aircrafts.Domain.Aircraft::get_MaxPassengers()
DA:9,14
FN:9,Modules.Aircrafts.Domain.WakeTurbulenceCategory Modules.Aircrafts.Domain.Aircraft::get_WakeCategory()
FNDA:19,Modules.Aircrafts.Domain.WakeTurbulenceCategory Modules.Aircrafts.Domain.Aircraft::get_WakeCategory()
DA:10,19
LF:6
LH:6
BRF:0
BRH:0
FNF:6
FNH:6
end_of_record
SF:c:\Users\radug\OneDrive\Desktop\Licenta\src\Modules.Aircrafts\Application\UseCases\GetAircrafts\GetAircraftsDto.cs
FN:4,System.Guid Modules.Aircrafts.Application.UseCases.GetAircrafts.GetAircraftsDto::get_Id()
FNDA:0,System.Guid Modules.Aircrafts.Application.UseCases.GetAircrafts.GetAircraftsDto::get_Id()
DA:5,0
FN:5,System.String Modules.Aircrafts.Application.UseCases.GetAircrafts.GetAircraftsDto::get_TailNumber()
FNDA:0,System.String Modules.Aircrafts.Application.UseCases.GetAircrafts.GetAircraftsDto::get_TailNumber()
DA:6,0
FN:6,System.String Modules.Aircrafts.Application.UseCases.GetAircrafts.GetAircraftsDto::get_Model()
FNDA:0,System.String Modules.Aircrafts.Application.UseCases.GetAircrafts.GetAircraftsDto::get_Model()
DA:7,0
FN:7,System.Int32 Modules.Aircrafts.Application.UseCases.GetAircrafts.GetAircraftsDto::get_MaxPassengers()
FNDA:0,System.Int32 Modules.Aircrafts.Application.UseCases.GetAircrafts.GetAircraftsDto::get_MaxPassengers()
DA:8,0
FN:8,Modules.Aircrafts.Domain.WakeTurbulenceCategory Modules.Aircrafts.Application.UseCases.GetAircrafts.GetAircraftsDto::get_WakeCategory()
FNDA:0,Modules.Aircrafts.Domain.WakeTurbulenceCategory Modules.Aircrafts.Application.UseCases.GetAircrafts.GetAircraftsDto::get_WakeCategory()
DA:9,0
FN:3,System.Void Modules.Aircrafts.Application.UseCases.GetAircrafts.GetAircraftsDto::.ctor(System.Guid,System.String,System.String,System.Int32,Modules.Aircrafts.Domain.WakeTurbulenceCategory)
FNDA:0,System.Void Modules.Aircrafts.Application.UseCases.GetAircrafts.GetAircraftsDto::.ctor(System.Guid,System.String,System.String,System.Int32,Modules.Aircrafts.Domain.WakeTurbulenceCategory)
DA:4,0
DA:10,0
LF:7
LH:0
BRF:0
BRH:0
FNF:6
FNH:0
end_of_record
SF:c:\Users\radug\OneDrive\Desktop\Licenta\src\Modules.Aircrafts\Application\UseCases\GetAircrafts\GetAircraftsHandler.cs
FN:8,System.Void Modules.Aircrafts.Application.UseCases.GetAircrafts.GetAircraftsHandler::.ctor(Modules.Aircrafts.Application.IAircraftStore)
FNDA:0,System.Void Modules.Aircrafts.Application.UseCases.GetAircrafts.GetAircraftsHandler::.ctor(Modules.Aircrafts.Application.IAircraftStore)
DA:9,0
DA:10,0
DA:11,0
DA:12,0
FN:14,System.Void Modules.Aircrafts.Application.UseCases.GetAircrafts.GetAircraftsHandler/<Handle>d__2::MoveNext()
FNDA:0,System.Void Modules.Aircrafts.Application.UseCases.GetAircrafts.GetAircraftsHandler/<Handle>d__2::MoveNext()
DA:15,0
DA:16,0
DA:18,0
DA:20,0
DA:21,0
DA:22,0
DA:23,0
DA:24,0
DA:25,0
DA:26,0
DA:27,0
DA:28,0
DA:29,0
DA:30,0
DA:31,0
BRDA:20,302,1,0
BRDA:20,302,0,0
LF:19
LH:0
BRF:2
BRH:0
FNF:2
FNH:0
end_of_record
SF:c:\Users\radug\OneDrive\Desktop\Licenta\src\Modules.Aircrafts\Application\UseCases\GetAircrafts\GetAircraftsQuery.cs
FN:3,System.Guid Modules.Aircrafts.Application.UseCases.GetAircrafts.GetAircraftsQuery::get_ScenarioConfigId()
FNDA:0,System.Guid Modules.Aircrafts.Application.UseCases.GetAircrafts.GetAircraftsQuery::get_ScenarioConfigId()
DA:4,0
LF:1
LH:0
BRF:0
BRH:0
FNF:1
FNH:0
end_of_record
SF:c:\Users\radug\OneDrive\Desktop\Licenta\src\Modules.Aircrafts\Application\UseCases\CreateAircraft\GenerateRandomAircraftCommand.cs
FN:5,System.Int32 Modules.Aircrafts.Application.UseCases.GenerateRandomAircraft.GenerateRandomAircraftCommand::get_Count()
FNDA:2,System.Int32 Modules.Aircrafts.Application.UseCases.GenerateRandomAircraft.GenerateRandomAircraftCommand::get_Count()
DA:6,2
LF:1
LH:1
BRF:0
BRH:0
FNF:1
FNH:1
end_of_record
SF:c:\Users\radug\OneDrive\Desktop\Licenta\src\Modules.Aircrafts\Application\UseCases\CreateAircraft\GenerateRandomAircraftHandler.cs
FN:12,System.Void Modules.Aircrafts.Application.UseCases.GenerateRandomAircraft.GenerateRandomAircraftHandler::.ctor(Modules.Aircrafts.Application.IAircraftStore)
FNDA:0,System.Void Modules.Aircrafts.Application.UseCases.GenerateRandomAircraft.GenerateRandomAircraftHandler::.ctor(Modules.Aircrafts.Application.IAircraftStore)
DA:13,0
FN:15,System.Void Modules.Aircrafts.Application.UseCases.GenerateRandomAircraft.GenerateRandomAircraftHandler/<Handle>d__2::MoveNext()
FNDA:0,System.Void Modules.Aircrafts.Application.UseCases.GenerateRandomAircraft.GenerateRandomAircraftHandler/<Handle>d__2::MoveNext()
DA:16,0
DA:17,0
DA:18,0
DA:20,0
DA:21,0
DA:22,0
DA:24,0
DA:26,0
DA:27,0
DA:28,0
DA:30,0
DA:31,0
DA:32,0
DA:34,0
DA:36,0
DA:37,0
DA:39,0
DA:41,0
DA:42,0
BRDA:21,105,0,0
BRDA:21,105,1,0
BRDA:26,310,1,0
BRDA:26,310,0,0
LF:20
LH:0
BRF:4
BRH:0
FNF:2
FNH:0
end_of_record
SF:c:\Users\radug\OneDrive\Desktop\Licenta\src\Modules.Aircrafts\Application\Generators\AircraftGenerator.cs
FN:10,System.String Modules.Aircrafts.Application.Generators.AircraftGenerator::Pick(System.String[])
FNDA:0,System.String Modules.Aircrafts.Application.Generators.AircraftGenerator::Pick(System.String[])
DA:11,0
DA:12,0
DA:13,0
DA:14,0
FN:16,Modules.Aircrafts.Domain.Aircraft Modules.Aircrafts.Application.Generators.AircraftGenerator::Generate(System.String,Modules.Aircrafts.Domain.WakeTurbulenceCategory)
FNDA:0,Modules.Aircrafts.Domain.Aircraft Modules.Aircrafts.Application.Generators.AircraftGenerator::Generate(System.String,Modules.Aircrafts.Domain.WakeTurbulenceCategory)
DA:17,0
DA:21,0
DA:24,0
DA:25,0
DA:26,0
DA:27,0
DA:28,0
DA:29,0
DA:30,0
DA:31,0
DA:34,0
DA:35,0
DA:36,0
DA:37,0
DA:38,0
DA:39,0
DA:40,0
DA:41,0
DA:44,0
DA:45,0
DA:46,0
DA:47,0
DA:48,0
DA:49,0
DA:50,0
DA:51,0
DA:54,0
DA:55,0
DA:56,0
DA:57,0
DA:58,0
DA:59,0
DA:60,0
DA:61,0
DA:64,0
DA:65,0
DA:66,0
DA:69,0
DA:70,0
DA:71,0
DA:72,0
DA:73,0
DA:74,0
DA:75,0
DA:76,0
BRDA:21,6,1,0
BRDA:21,6,2,0
BRDA:21,6,3,0
BRDA:21,6,4,0
BRDA:21,6,0,0
FN:7,System.Void Modules.Aircrafts.Application.Generators.AircraftGenerator::.cctor()
FNDA:0,System.Void Modules.Aircrafts.Application.Generators.AircraftGenerator::.cctor()
DA:8,0
LF:50
LH:0
BRF:5
BRH:0
FNF:3
FNH:0
end_of_record
SF:c:\Users\radug\OneDrive\Desktop\Licenta\src\Modules.Aircrafts\Application\Generators\TailNumberGenerator.cs
FN:5,System.String Modules.Aircrafts.Application.Generators.TailNumberGenerator::Generate(System.Int32)
FNDA:0,System.String Modules.Aircrafts.Application.Generators.TailNumberGenerator::Generate(System.Int32)
DA:6,0
DA:7,0
DA:8,0
LF:3
LH:0
BRF:0
BRH:0
FNF:1
FNH:0
end_of_record
SF:c:\Users\radug\OneDrive\Desktop\Licenta\src\Modules.Aircrafts\Application\Generators\WakeCategorySelection.cs
FN:9,Modules.Aircrafts.Domain.WakeTurbulenceCategory Modules.Aircrafts.Application.Generators.WakeCategorySelection::Generate(System.Int32)
FNDA:0,Modules.Aircrafts.Domain.WakeTurbulenceCategory Modules.Aircrafts.Application.Generators.WakeCategorySelection::Generate(System.Int32)
DA:10,0
DA:11,0
DA:13,0
DA:14,0
DA:15,0
DA:16,0
DA:17,0
DA:18,0
DA:19,0
DA:20,0
DA:21,0
DA:23,0
DA:25,0
DA:26,0
DA:28,0
DA:29,0
DA:31,0
DA:32,0
DA:34,0
DA:35,0
BRDA:13,18,1,0
BRDA:13,18,2,0
BRDA:13,18,3,0
BRDA:13,18,4,0
BRDA:13,18,5,0
BRDA:13,18,0,0
BRDA:26,197,0,0
BRDA:26,197,1,0
BRDA:29,218,0,0
BRDA:29,218,1,0
BRDA:32,239,0,0
BRDA:32,239,1,0
FN:6,System.Void Modules.Aircrafts.Application.Generators.WakeCategorySelection::.cctor()
FNDA:0,System.Void Modules.Aircrafts.Application.Generators.WakeCategorySelection::.cctor()
DA:7,0
LF:21
LH:0
BRF:12
BRH:0
FNF:2
FNH:0
end_of_record
SF:C:\Users\radug\OneDrive\Desktop\Licenta\src\Modules.Airports\Domain\Airport.cs
FN:4,System.Guid Modules.Airports.Domain.Airport::get_Id()
FNDA:21,System.Guid Modules.Airports.Domain.Airport::get_Id()
DA:5,21
FN:5,System.String Modules.Airports.Domain.Airport::get_Name()
FNDA:32,System.String Modules.Airports.Domain.Airport::get_Name()
DA:6,32
FN:6,System.Int32 Modules.Airports.Domain.Airport::get_StandCapacity()
FNDA:21,System.Int32 Modules.Airports.Domain.Airport::get_StandCapacity()
DA:7,21
FN:7,System.Double Modules.Airports.Domain.Airport::get_Latitude()
FNDA:8,System.Double Modules.Airports.Domain.Airport::get_Latitude()
DA:8,8
FN:8,System.Double Modules.Airports.Domain.Airport::get_Longitude()
FNDA:8,System.Double Modules.Airports.Domain.Airport::get_Longitude()
DA:9,8
LF:5
LH:5
BRF:0
BRH:0
FNF:5
FNH:5
end_of_record
SF:C:\Users\radug\OneDrive\Desktop\Licenta\src\Modules.Airports\Domain\Runway.cs
FN:4,System.Guid Modules.Airports.Domain.Runway::get_Id()
FNDA:7,System.Guid Modules.Airports.Domain.Runway::get_Id()
DA:5,7
FN:5,System.Guid Modules.Airports.Domain.Runway::get_AirportId()
FNDA:7,System.Guid Modules.Airports.Domain.Runway::get_AirportId()
DA:6,7
FN:7,System.String Modules.Airports.Domain.Runway::get_Name()
FNDA:43,System.String Modules.Airports.Domain.Runway::get_Name()
DA:8,43
FN:8,System.Boolean Modules.Airports.Domain.Runway::get_IsActive()
FNDA:20,System.Boolean Modules.Airports.Domain.Runway::get_IsActive()
DA:9,20
FN:10,Modules.Airports.Domain.RunwayType Modules.Airports.Domain.Runway::get_RunwayType()
FNDA:24,Modules.Airports.Domain.RunwayType Modules.Airports.Domain.Runway::get_RunwayType()
DA:11,24
LF:5
LH:5
BRF:0
BRH:0
FNF:5
FNH:5
end_of_record
SF:C:\Users\radug\OneDrive\Desktop\Licenta\src\Modules.Airports\Application\UseCases\UpdateRunway\UpdateRunwayCommand.cs
FN:6,System.Guid Modules.Airports.Application.UseCases.UpdateRunway.UpdateRunwayCommand::get_RunwayId()
FNDA:0,System.Guid Modules.Airports.Application.UseCases.UpdateRunway.UpdateRunwayCommand::get_RunwayId()
DA:7,0
FN:7,System.String Modules.Airports.Application.UseCases.UpdateRunway.UpdateRunwayCommand::get_Name()
FNDA:0,System.String Modules.Airports.Application.UseCases.UpdateRunway.UpdateRunwayCommand::get_Name()
DA:8,0
FN:8,System.Boolean Modules.Airports.Application.UseCases.UpdateRunway.UpdateRunwayCommand::get_IsActive()
FNDA:0,System.Boolean Modules.Airports.Application.UseCases.UpdateRunway.UpdateRunwayCommand::get_IsActive()
DA:9,0
FN:9,Modules.Airports.Domain.RunwayType Modules.Airports.Application.UseCases.UpdateRunway.UpdateRunwayCommand::get_RunwayType()
FNDA:0,Modules.Airports.Domain.RunwayType Modules.Airports.Application.UseCases.UpdateRunway.UpdateRunwayCommand::get_RunwayType()
DA:10,0
FN:5,System.Void Modules.Airports.Application.UseCases.UpdateRunway.UpdateRunwayCommand::.ctor(System.Guid,System.String,System.Boolean,Modules.Airports.Domain.RunwayType)
FNDA:0,System.Void Modules.Airports.Application.UseCases.UpdateRunway.UpdateRunwayCommand::.ctor(System.Guid,System.String,System.Boolean,Modules.Airports.Domain.RunwayType)
DA:6,0
DA:11,0
LF:6
LH:0
BRF:0
BRH:0
FNF:5
FNH:0
end_of_record
SF:C:\Users\radug\OneDrive\Desktop\Licenta\src\Modules.Airports\Application\UseCases\UpdateRunway\UpdateRunwayHandler.cs
FN:10,System.Threading.Tasks.Task`1<System.Boolean> Modules.Airports.Application.UseCases.UpdateRunway.UpdateRunwayHandler::Handle(Modules.Airports.Application.UseCases.UpdateRunway.UpdateRunwayCommand,System.Threading.CancellationToken)
FNDA:0,System.Threading.Tasks.Task`1<System.Boolean> Modules.Airports.Application.UseCases.UpdateRunway.UpdateRunwayHandler::Handle(Modules.Airports.Application.UseCases.UpdateRunway.UpdateRunwayCommand,System.Threading.CancellationToken)
DA:11,0
FN:7,System.Void Modules.Airports.Application.UseCases.UpdateRunway.UpdateRunwayHandler::.ctor(Modules.Airports.Application.IRunwayStore)
FNDA:0,System.Void Modules.Airports.Application.UseCases.UpdateRunway.UpdateRunwayHandler::.ctor(Modules.Airports.Application.IRunwayStore)
DA:8,0
LF:2
LH:0
BRF:0
BRH:0
FNF:2
FNH:0
end_of_record
SF:C:\Users\radug\OneDrive\Desktop\Licenta\src\Modules.Airports\Application\UseCases\GetRunwaysByAirportId\GetRunwaysByAirportIdHandler.cs
FN:17,System.Threading.Tasks.Task`1<System.Collections.Generic.List`1<Modules.Airports.Application.UseCases.GetRunwaysByAirportId.RunwayDto>> Modules.Airports.Application.UseCases.GetRunwaysByAirportId.GetRunwaysByAirportIdHandler::Handle(Modules.Airports.Application.UseCases.GetRunwaysByAirportId.GetRunwaysByAirportIdQuery,System.Threading.CancellationToken)
FNDA:0,System.Threading.Tasks.Task`1<System.Collections.Generic.List`1<Modules.Airports.Application.UseCases.GetRunwaysByAirportId.RunwayDto>> Modules.Airports.Application.UseCases.GetRunwaysByAirportId.GetRunwaysByAirportIdHandler::Handle(Modules.Airports.Application.UseCases.GetRunwaysByAirportId.GetRunwaysByAirportIdQuery,System.Threading.CancellationToken)
DA:18,0
DA:19,0
DA:21,0
DA:22,0
DA:23,0
DA:25,0
DA:26,0
FN:11,System.Void Modules.Airports.Application.UseCases.GetRunwaysByAirportId.GetRunwaysByAirportIdHandler::.ctor(Modules.Airports.Application.IRunwayStore)
FNDA:0,System.Void Modules.Airports.Application.UseCases.GetRunwaysByAirportId.GetRunwaysByAirportIdHandler::.ctor(Modules.Airports.Application.IRunwayStore)
DA:12,0
DA:13,0
DA:14,0
DA:15,0
LF:11
LH:0
BRF:0
BRH:0
FNF:2
FNH:0
end_of_record
SF:C:\Users\radug\OneDrive\Desktop\Licenta\src\Modules.Airports\Application\UseCases\GetRunwaysByAirportId\GetRunwaysByAirportIdQuery.cs
FN:4,System.Guid Modules.Airports.Application.UseCases.GetRunwaysByAirportId.GetRunwaysByAirportIdQuery::get_AirportId()
FNDA:1,System.Guid Modules.Airports.Application.UseCases.GetRunwaysByAirportId.GetRunwaysByAirportIdQuery::get_AirportId()
DA:5,1
LF:1
LH:1
BRF:0
BRH:0
FNF:1
FNH:1
end_of_record
SF:C:\Users\radug\OneDrive\Desktop\Licenta\src\Modules.Airports\Application\UseCases\GetRunwaysByAirportId\RunwayDto.cs
FN:7,System.Guid Modules.Airports.Application.UseCases.GetRunwaysByAirportId.RunwayDto::get_id()
FNDA:4,System.Guid Modules.Airports.Application.UseCases.GetRunwaysByAirportId.RunwayDto::get_id()
DA:8,4
FN:5,System.Void Modules.Airports.Application.UseCases.GetRunwaysByAirportId.RunwayDto::.ctor(System.Guid,System.Guid,System.String,System.Boolean,Modules.Airports.Domain.RunwayType)
FNDA:1,System.Void Modules.Airports.Application.UseCases.GetRunwaysByAirportId.RunwayDto::.ctor(System.Guid,System.Guid,System.String,System.Boolean,Modules.Airports.Domain.RunwayType)
DA:6,1
DA:7,1
DA:9,1
LF:4
LH:4
BRF:0
BRH:0
FNF:2
FNH:2
end_of_record
SF:C:\Users\radug\OneDrive\Desktop\Licenta\src\Modules.Airports\Application\UseCases\GetAirports\GetAirportsDto.cs
FN:5,System.Guid Modules.Airports.Application.UseCases.GetAirports.AirportDto::get_Id()
FNDA:1,System.Guid Modules.Airports.Application.UseCases.GetAirports.AirportDto::get_Id()
DA:6,1
FN:6,System.String Modules.Airports.Application.UseCases.GetAirports.AirportDto::get_Name()
FNDA:1,System.String Modules.Airports.Application.UseCases.GetAirports.AirportDto::get_Name()
DA:7,1
FN:7,System.Int32 Modules.Airports.Application.UseCases.GetAirports.AirportDto::get_StandCapacity()
FNDA:1,System.Int32 Modules.Airports.Application.UseCases.GetAirports.AirportDto::get_StandCapacity()
DA:8,1
FN:8,System.Double Modules.Airports.Application.UseCases.GetAirports.AirportDto::get_Latitude()
FNDA:0,System.Double Modules.Airports.Application.UseCases.GetAirports.AirportDto::get_Latitude()
DA:9,0
FN:9,System.Double Modules.Airports.Application.UseCases.GetAirports.AirportDto::get_Longitude()
FNDA:0,System.Double Modules.Airports.Application.UseCases.GetAirports.AirportDto::get_Longitude()
DA:10,0
FN:4,System.Void Modules.Airports.Application.UseCases.GetAirports.AirportDto::.ctor(System.Guid,System.String,System.Int32,System.Double,System.Double)
FNDA:4,System.Void Modules.Airports.Application.UseCases.GetAirports.AirportDto::.ctor(System.Guid,System.String,System.Int32,System.Double,System.Double)
DA:5,4
DA:11,4
LF:7
LH:5
BRF:0
BRH:0
FNF:6
FNH:4
end_of_record
SF:C:\Users\radug\OneDrive\Desktop\Licenta\src\Modules.Airports\Application\UseCases\GetAirports\GetAirportsHandler.cs
FN:15,System.Threading.Tasks.Task`1<System.Collections.Generic.List`1<Modules.Airports.Application.UseCases.GetAirports.AirportDto>> Modules.Airports.Application.UseCases.GetAirports.GetAirportsHandler::Handle(Modules.Airports.Application.UseCases.GetAirports.GetAirportsQuery,System.Threading.CancellationToken)
FNDA:3,System.Threading.Tasks.Task`1<System.Collections.Generic.List`1<Modules.Airports.Application.UseCases.GetAirports.AirportDto>> Modules.Airports.Application.UseCases.GetAirports.GetAirportsHandler::Handle(Modules.Airports.Application.UseCases.GetAirports.GetAirportsQuery,System.Threading.CancellationToken)
DA:16,3
DA:17,3
DA:19,3
DA:20,4
DA:21,3
DA:23,3
DA:24,3
FN:9,System.Void Modules.Airports.Application.UseCases.GetAirports.GetAirportsHandler::.ctor(Modules.Airports.Application.IAirportStore)
FNDA:3,System.Void Modules.Airports.Application.UseCases.GetAirports.GetAirportsHandler::.ctor(Modules.Airports.Application.IAirportStore)
DA:10,3
DA:11,3
DA:12,3
DA:13,3
LF:11
LH:11
BRF:0
BRH:0
FNF:2
FNH:2
end_of_record
SF:C:\Users\radug\OneDrive\Desktop\Licenta\src\Modules.Airports\Application\UseCases\GetAirports\GetAirportsQuery.cs
FN:4,System.Void Modules.Airports.Application.UseCases.GetAirports.GetAirportsQuery::.ctor()
FNDA:3,System.Void Modules.Airports.Application.UseCases.GetAirports.GetAirportsQuery::.ctor()
DA:5,3
LF:1
LH:1
BRF:0
BRH:0
FNF:1
FNH:1
end_of_record
SF:C:\Users\radug\OneDrive\Desktop\Licenta\src\Modules.Airports\Application\UseCases\DeleteRunway\DeleteRunwayCommand.cs
FN:4,System.Guid Modules.Airports.Application.UseCases.DeleteRunway.DeleteRunwayCommand::get_RunwayId()
FNDA:0,System.Guid Modules.Airports.Application.UseCases.DeleteRunway.DeleteRunwayCommand::get_RunwayId()
DA:5,0
LF:1
LH:0
BRF:0
BRH:0
FNF:1
FNH:0
end_of_record
SF:C:\Users\radug\OneDrive\Desktop\Licenta\src\Modules.Airports\Application\UseCases\DeleteRunway\DeleteRunwayHandler.cs
FN:7,System.Void Modules.Airports.Application.UseCases.DeleteRunway.DeleteRunwayHandler::.ctor(Modules.Airports.Application.IRunwayStore)
FNDA:0,System.Void Modules.Airports.Application.UseCases.DeleteRunway.DeleteRunwayHandler::.ctor(Modules.Airports.Application.IRunwayStore)
DA:8,0
FN:10,System.Void Modules.Airports.Application.UseCases.DeleteRunway.DeleteRunwayHandler/<Handle>d__2::MoveNext()
FNDA:0,System.Void Modules.Airports.Application.UseCases.DeleteRunway.DeleteRunwayHandler/<Handle>d__2::MoveNext()
DA:11,0
DA:12,0
DA:13,0
LF:4
LH:0
BRF:0
BRH:0
FNF:2
FNH:0
end_of_record
SF:C:\Users\radug\OneDrive\Desktop\Licenta\src\Modules.Airports\Application\UseCases\DeleteAirport\DeleteAirportCommand.cs
FN:4,System.Guid Modules.Airports.Application.UseCases.DeleteAirport.DeleteAirportCommand::get_AirportId()
FNDA:0,System.Guid Modules.Airports.Application.UseCases.DeleteAirport.DeleteAirportCommand::get_AirportId()
DA:5,0
LF:1
LH:0
BRF:0
BRH:0
FNF:1
FNH:0
end_of_record
SF:C:\Users\radug\OneDrive\Desktop\Licenta\src\Modules.Airports\Application\UseCases\DeleteAirport\DeleteAirportHandler.cs
FN:7,System.Void Modules.Airports.Application.UseCases.DeleteAirport.DeleteAirportHandler::.ctor(Modules.Airports.Application.IAirportStore)
FNDA:0,System.Void Modules.Airports.Application.UseCases.DeleteAirport.DeleteAirportHandler::.ctor(Modules.Airports.Application.IAirportStore)
DA:8,0
FN:10,System.Void Modules.Airports.Application.UseCases.DeleteAirport.DeleteAirportHandler/<Handle>d__2::MoveNext()
FNDA:0,System.Void Modules.Airports.Application.UseCases.DeleteAirport.DeleteAirportHandler/<Handle>d__2::MoveNext()
DA:11,0
DA:12,0
DA:13,0
LF:4
LH:0
BRF:0
BRH:0
FNF:2
FNH:0
end_of_record
SF:C:\Users\radug\OneDrive\Desktop\Licenta\src\Modules.Airports\Application\UseCases\CreateRunway\CreateRunwayCommand.cs
FN:6,System.Guid Modules.Airports.Application.UseCases.CreateRunway.CreateRunwayCommand::get_AirportId()
FNDA:0,System.Guid Modules.Airports.Application.UseCases.CreateRunway.CreateRunwayCommand::get_AirportId()
DA:7,0
LF:1
LH:0
BRF:0
BRH:0
FNF:1
FNH:0
end_of_record
SF:C:\Users\radug\OneDrive\Desktop\Licenta\src\Modules.Airports\Application\UseCases\CreateRunway\CreateRunwayHandler.cs
FN:17,System.Threading.Tasks.Task`1<Modules.Airports.Application.UseCases.CreateRunway.CreateRunwayResult> Modules.Airports.Application.UseCases.CreateRunway.CreateRunwayHandler::Handle(Modules.Airports.Application.UseCases.CreateRunway.CreateRunwayCommand,System.Threading.CancellationToken)
FNDA:0,System.Threading.Tasks.Task`1<Modules.Airports.Application.UseCases.CreateRunway.CreateRunwayResult> Modules.Airports.Application.UseCases.CreateRunway.CreateRunwayHandler::Handle(Modules.Airports.Application.UseCases.CreateRunway.CreateRunwayCommand,System.Threading.CancellationToken)
DA:18,0
DA:19,0
DA:20,0
DA:21,0
DA:22,0
DA:23,0
DA:24,0
DA:25,0
DA:27,0
DA:29,0
DA:30,0
DA:31,0
DA:32,0
DA:33,0
DA:34,0
DA:35,0
DA:36,0
FN:11,System.Void Modules.Airports.Application.UseCases.CreateRunway.CreateRunwayHandler::.ctor(Modules.Airports.Application.IRunwayStore)
FNDA:0,System.Void Modules.Airports.Application.UseCases.CreateRunway.CreateRunwayHandler::.ctor(Modules.Airports.Application.IRunwayStore)
DA:12,0
DA:13,0
DA:14,0
DA:15,0
LF:21
LH:0
BRF:0
BRH:0
FNF:2
FNH:0
end_of_record
SF:C:\Users\radug\OneDrive\Desktop\Licenta\src\Modules.Airports\Application\UseCases\CreateRunway\CreateRunwayResult.cs
FN:6,System.Guid Modules.Airports.Application.UseCases.CreateRunway.CreateRunwayResult::get_Id()
FNDA:0,System.Guid Modules.Airports.Application.UseCases.CreateRunway.CreateRunwayResult::get_Id()
DA:7,0
FN:5,System.Void Modules.Airports.Application.UseCases.CreateRunway.CreateRunwayResult::.ctor(System.Guid,System.Guid,System.String,System.Boolean,Modules.Airports.Domain.RunwayType)
FNDA:0,System.Void Modules.Airports.Application.UseCases.CreateRunway.CreateRunwayResult::.ctor(System.Guid,System.Guid,System.String,System.Boolean,Modules.Airports.Domain.RunwayType)
DA:6,0
DA:8,0
LF:3
LH:0
BRF:0
BRH:0
FNF:2
FNH:0
end_of_record
SF:C:\Users\radug\OneDrive\Desktop\Licenta\src\Modules.Airports\Application\UseCases\CreateAirport\CreateAirportCommand.cs
FN:5,System.String Modules.Airports.Application.UseCases.CreateAirport.CreateAirportCommand::get_Name()
FNDA:10,System.String Modules.Airports.Application.UseCases.CreateAirport.CreateAirportCommand::get_Name()
DA:6,10
LF:1
LH:1
BRF:0
BRH:0
FNF:1
FNH:1
end_of_record
SF:C:\Users\radug\OneDrive\Desktop\Licenta\src\Modules.Airports\Application\UseCases\CreateAirport\CreateAirportHandler.cs
FN:15,System.Threading.Tasks.Task`1<Modules.Airports.Domain.Airport> Modules.Airports.Application.UseCases.CreateAirport.CreateAirportHandler::Handle(Modules.Airports.Application.UseCases.CreateAirport.CreateAirportCommand,System.Threading.CancellationToken)
FNDA:2,System.Threading.Tasks.Task`1<Modules.Airports.Domain.Airport> Modules.Airports.Application.UseCases.CreateAirport.CreateAirportHandler::Handle(Modules.Airports.Application.UseCases.CreateAirport.CreateAirportCommand,System.Threading.CancellationToken)
DA:16,2
DA:17,2
DA:18,2
DA:19,2
DA:20,2
DA:21,2
DA:22,2
DA:23,2
DA:24,2
DA:25,2
DA:26,2
FN:9,System.Void Modules.Airports.Application.UseCases.CreateAirport.CreateAirportHandler::.ctor(Modules.Airports.Application.IAirportStore)
FNDA:2,System.Void Modules.Airports.Application.UseCases.CreateAirport.CreateAirportHandler::.ctor(Modules.Airports.Application.IAirportStore)
DA:10,2
DA:11,2
DA:12,2
DA:13,2
LF:15
LH:15
BRF:0
BRH:0
FNF:2
FNH:2
end_of_record
SF:c:\Users\radug\OneDrive\Desktop\Licenta\src\Modules.Login\Domain\User.cs
FN:4,System.Guid Modules.Login.Domain.User::get_Id()
FNDA:2,System.Guid Modules.Login.Domain.User::get_Id()
DA:5,2
FN:5,System.String Modules.Login.Domain.User::get_Email()
FNDA:4,System.String Modules.Login.Domain.User::get_Email()
DA:6,4
FN:6,System.String Modules.Login.Domain.User::get_Username()
FNDA:2,System.String Modules.Login.Domain.User::get_Username()
DA:7,2
FN:7,System.String Modules.Login.Domain.User::get_PasswordHash()
FNDA:6,System.String Modules.Login.Domain.User::get_PasswordHash()
DA:8,6
FN:8,System.DateTime Modules.Login.Domain.User::get_CreatedAtUtc()
FNDA:2,System.DateTime Modules.Login.Domain.User::get_CreatedAtUtc()
DA:9,2
LF:5
LH:5
BRF:0
BRH:0
FNF:5
FNH:5
end_of_record
SF:c:\Users\radug\OneDrive\Desktop\Licenta\src\Modules.Login\Application\UseCases\Login\LoginCommand.cs
FN:5,System.String Modules.Login.Application.UseCases.Login.LoginCommand::get_Email()
FNDA:3,System.String Modules.Login.Application.UseCases.Login.LoginCommand::get_Email()
DA:6,3
FN:6,System.String Modules.Login.Application.UseCases.Login.LoginCommand::get_Password()
FNDA:2,System.String Modules.Login.Application.UseCases.Login.LoginCommand::get_Password()
DA:7,2
FN:4,System.Void Modules.Login.Application.UseCases.Login.LoginCommand::.ctor(System.String,System.String)
FNDA:3,System.Void Modules.Login.Application.UseCases.Login.LoginCommand::.ctor(System.String,System.String)
DA:5,3
DA:8,3
LF:4
LH:4
BRF:0
BRH:0
FNF:3
FNH:3
end_of_record
SF:c:\Users\radug\OneDrive\Desktop\Licenta\src\Modules.Login\Application\UseCases\Login\LoginDto.cs
FN:3,System.String Modules.Login.Application.UseCases.Login.LoginDto::get_AccessToken()
FNDA:1,System.String Modules.Login.Application.UseCases.Login.LoginDto::get_AccessToken()
DA:4,1
FN:2,System.Void Modules.Login.Application.UseCases.Login.LoginDto::.ctor(System.String)
FNDA:1,System.Void Modules.Login.Application.UseCases.Login.LoginDto::.ctor(System.String)
DA:3,1
DA:5,1
LF:3
LH:3
BRF:0
BRH:0
FNF:2
FNH:2
end_of_record
SF:c:\Users\radug\OneDrive\Desktop\Licenta\src\Modules.Login\Application\UseCases\Login\LoginHandler.cs
FN:9,System.Void Modules.Login.Application.UseCases.Login.LoginHandler::.ctor(Modules.Login.Application.IUserStore,Modules.Login.Application.ITokenService)
FNDA:3,System.Void Modules.Login.Application.UseCases.Login.LoginHandler::.ctor(Modules.Login.Application.IUserStore,Modules.Login.Application.ITokenService)
DA:10,3
DA:11,3
DA:12,3
DA:13,3
DA:14,3
DA:15,3
DA:16,3
FN:18,System.Void Modules.Login.Application.UseCases.Login.LoginHandler/<Handle>d__3::MoveNext()
FNDA:3,System.Void Modules.Login.Application.UseCases.Login.LoginHandler/<Handle>d__3::MoveNext()
DA:19,3
DA:20,3
DA:22,3
DA:23,2
DA:25,1
DA:27,1
DA:28,1
BRDA:22,168,0,2
BRDA:22,168,1,1
BRDA:22,218,0,2
BRDA:22,218,1,1
LF:14
LH:14
BRF:4
BRH:4
FNF:2
FNH:2
end_of_record
SF:c:\Users\radug\OneDrive\Desktop\Licenta\src\Modules.Scenarios\Domain\Flight.cs
FN:4,System.Guid Modules.Scenarios.Domain.Flight::get_Id()
FNDA:24,System.Guid Modules.Scenarios.Domain.Flight::get_Id()
DA:5,24
FN:5,System.Guid Modules.Scenarios.Domain.Flight::get_ScenarioConfigId()
FNDA:44,System.Guid Modules.Scenarios.Domain.Flight::get_ScenarioConfigId()
DA:6,44
FN:6,System.Guid Modules.Scenarios.Domain.Flight::get_AircraftId()
FNDA:39,System.Guid Modules.Scenarios.Domain.Flight::get_AircraftId()
DA:7,39
FN:8,System.String Modules.Scenarios.Domain.Flight::get_Callsign()
FNDA:40,System.String Modules.Scenarios.Domain.Flight::get_Callsign()
DA:9,40
FN:10,Modules.Scenarios.Domain.FlightType Modules.Scenarios.Domain.Flight::get_Type()
FNDA:48,Modules.Scenarios.Domain.FlightType Modules.Scenarios.Domain.Flight::get_Type()
DA:11,48
FN:12,System.DateTime Modules.Scenarios.Domain.Flight::get_ScheduledTime()
FNDA:64,System.DateTime Modules.Scenarios.Domain.Flight::get_ScheduledTime()
DA:13,64
FN:13,System.Int32 Modules.Scenarios.Domain.Flight::get_MaxDelayMinutes()
FNDA:46,System.Int32 Modules.Scenarios.Domain.Flight::get_MaxDelayMinutes()
DA:14,46
FN:14,System.Int32 Modules.Scenarios.Domain.Flight::get_MaxEarlyMinutes()
FNDA:38,System.Int32 Modules.Scenarios.Domain.Flight::get_MaxEarlyMinutes()
DA:15,38
FN:15,System.Int32 Modules.Scenarios.Domain.Flight::get_Priority()
FNDA:45,System.Int32 Modules.Scenarios.Domain.Flight::get_Priority()
DA:16,45
LF:9
LH:9
BRF:0
BRH:0
FNF:9
FNH:9
end_of_record
SF:c:\Users\radug\OneDrive\Desktop\Licenta\src\Modules.Scenarios\Domain\RandomEvent.cs
FN:4,System.Guid Modules.Scenarios.Domain.RandomEvent::get_Id()
FNDA:3,System.Guid Modules.Scenarios.Domain.RandomEvent::get_Id()
DA:5,3
FN:5,System.Guid Modules.Scenarios.Domain.RandomEvent::get_ScenarioConfigId()
FNDA:5,System.Guid Modules.Scenarios.Domain.RandomEvent::get_ScenarioConfigId()
DA:6,5
FN:6,System.String Modules.Scenarios.Domain.RandomEvent::get_Name()
FNDA:7,System.String Modules.Scenarios.Domain.RandomEvent::get_Name()
DA:7,7
FN:7,System.String Modules.Scenarios.Domain.RandomEvent::get_Description()
FNDA:5,System.String Modules.Scenarios.Domain.RandomEvent::get_Description()
DA:8,5
FN:8,System.DateTime Modules.Scenarios.Domain.RandomEvent::get_StartTime()
FNDA:4,System.DateTime Modules.Scenarios.Domain.RandomEvent::get_StartTime()
DA:9,4
FN:9,System.DateTime Modules.Scenarios.Domain.RandomEvent::get_EndTime()
FNDA:4,System.DateTime Modules.Scenarios.Domain.RandomEvent::get_EndTime()
DA:10,4
FN:10,System.Int32 Modules.Scenarios.Domain.RandomEvent::get_ImpactPercent()
FNDA:8,System.Int32 Modules.Scenarios.Domain.RandomEvent::get_ImpactPercent()
DA:11,8
LF:7
LH:7
BRF:0
BRH:0
FNF:7
FNH:7
end_of_record
SF:c:\Users\radug\OneDrive\Desktop\Licenta\src\Modules.Scenarios\Domain\ScenarioConfig.cs
FN:6,System.Guid Modules.Scenarios.Domain.ScenarioConfig::get_Id()
FNDA:38,System.Guid Modules.Scenarios.Domain.ScenarioConfig::get_Id()
DA:7,38
FN:8,System.Guid Modules.Scenarios.Domain.ScenarioConfig::get_AirportId()
FNDA:23,System.Guid Modules.Scenarios.Domain.ScenarioConfig::get_AirportId()
DA:9,23
FN:10,System.String Modules.Scenarios.Domain.ScenarioConfig::get_Name()
FNDA:19,System.String Modules.Scenarios.Domain.ScenarioConfig::get_Name()
DA:11,19
FN:11,System.Int32 Modules.Scenarios.Domain.ScenarioConfig::get_Difficulty()
FNDA:21,System.Int32 Modules.Scenarios.Domain.ScenarioConfig::get_Difficulty()
DA:12,21
FN:13,System.DateTime Modules.Scenarios.Domain.ScenarioConfig::get_StartTime()
FNDA:61,System.DateTime Modules.Scenarios.Domain.ScenarioConfig::get_StartTime()
DA:14,61
FN:14,System.DateTime Modules.Scenarios.Domain.ScenarioConfig::get_EndTime()
FNDA:52,System.DateTime Modules.Scenarios.Domain.ScenarioConfig::get_EndTime()
DA:15,52
FN:16,System.Int32 Modules.Scenarios.Domain.ScenarioConfig::get_Seed()
FNDA:25,System.Int32 Modules.Scenarios.Domain.ScenarioConfig::get_Seed()
DA:17,25
FN:18,System.Int32 Modules.Scenarios.Domain.ScenarioConfig::get_AircraftCount()
FNDA:29,System.Int32 Modules.Scenarios.Domain.ScenarioConfig::get_AircraftCount()
DA:19,29
FN:19,System.Int32 Modules.Scenarios.Domain.ScenarioConfig::get_AircraftDifficulty()
FNDA:21,System.Int32 Modules.Scenarios.Domain.ScenarioConfig::get_AircraftDifficulty()
DA:20,21
FN:21,System.Int32 Modules.Scenarios.Domain.ScenarioConfig::get_OnGroundAircraftCount()
FNDA:23,System.Int32 Modules.Scenarios.Domain.ScenarioConfig::get_OnGroundAircraftCount()
DA:22,23
FN:22,System.Int32 Modules.Scenarios.Domain.ScenarioConfig::get_InboundAircraftCount()
FNDA:24,System.Int32 Modules.Scenarios.Domain.ScenarioConfig::get_InboundAircraftCount()
DA:23,24
FN:23,System.Int32 Modules.Scenarios.Domain.ScenarioConfig::get_RemainingOnGroundAircraftCount()
FNDA:24,System.Int32 Modules.Scenarios.Domain.ScenarioConfig::get_RemainingOnGroundAircraftCount()
DA:24,24
FN:25,System.Int32 Modules.Scenarios.Domain.ScenarioConfig::get_BaseSeparationSeconds()
FNDA:28,System.Int32 Modules.Scenarios.Domain.ScenarioConfig::get_BaseSeparationSeconds()
DA:26,28
FN:27,System.Int32 Modules.Scenarios.Domain.ScenarioConfig::get_WakePercent()
FNDA:28,System.Int32 Modules.Scenarios.Domain.ScenarioConfig::get_WakePercent()
DA:28,28
FN:28,System.Int32 Modules.Scenarios.Domain.ScenarioConfig::get_WeatherPercent()
FNDA:26,System.Int32 Modules.Scenarios.Domain.ScenarioConfig::get_WeatherPercent()
DA:29,26
FN:30,System.Int32 Modules.Scenarios.Domain.ScenarioConfig::get_WeatherIntervalCount()
FNDA:23,System.Int32 Modules.Scenarios.Domain.ScenarioConfig::get_WeatherIntervalCount()
DA:31,23
FN:31,System.Int32 Modules.Scenarios.Domain.ScenarioConfig::get_MinWeatherIntervalMinutes()
FNDA:22,System.Int32 Modules.Scenarios.Domain.ScenarioConfig::get_MinWeatherIntervalMinutes()
DA:32,22
FN:32,System.Int32 Modules.Scenarios.Domain.ScenarioConfig::get_WeatherDifficulty()
FNDA:21,System.Int32 Modules.Scenarios.Domain.ScenarioConfig::get_WeatherDifficulty()
DA:33,21
FN:34,System.Collections.Generic.List`1<Modules.Scenarios.Domain.Flight> Modules.Scenarios.Domain.ScenarioConfig::get_Flights()
FNDA:16,System.Collections.Generic.List`1<Modules.Scenarios.Domain.Flight> Modules.Scenarios.Domain.ScenarioConfig::get_Flights()
DA:35,16
FN:35,System.Collections.Generic.List`1<Modules.Scenarios.Domain.WeatherInterval> Modules.Scenarios.Domain.ScenarioConfig::get_WeatherIntervals()
FNDA:16,System.Collections.Generic.List`1<Modules.Scenarios.Domain.WeatherInterval> Modules.Scenarios.Domain.ScenarioConfig::get_WeatherIntervals()
DA:36,16
FN:36,System.Collections.Generic.List`1<Modules.Aircrafts.Domain.Aircraft> Modules.Scenarios.Domain.ScenarioConfig::get_Aircrafts()
FNDA:16,System.Collections.Generic.List`1<Modules.Aircrafts.Domain.Aircraft> Modules.Scenarios.Domain.ScenarioConfig::get_Aircrafts()
DA:37,16
LF:21
LH:21
BRF:0
BRH:0
FNF:21
FNH:21
end_of_record
SF:c:\Users\radug\OneDrive\Desktop\Licenta\src\Modules.Scenarios\Domain\WeatherInterval.cs
FN:4,System.Guid Modules.Scenarios.Domain.WeatherInterval::get_Id()
FNDA:6,System.Guid Modules.Scenarios.Domain.WeatherInterval::get_Id()
DA:5,6
FN:5,System.Guid Modules.Scenarios.Domain.WeatherInterval::get_ScenarioConfigId()
FNDA:12,System.Guid Modules.Scenarios.Domain.WeatherInterval::get_ScenarioConfigId()
DA:6,12
FN:6,System.DateTime Modules.Scenarios.Domain.WeatherInterval::get_StartTime()
FNDA:13,System.DateTime Modules.Scenarios.Domain.WeatherInterval::get_StartTime()
DA:7,13
FN:7,System.DateTime Modules.Scenarios.Domain.WeatherInterval::get_EndTime()
FNDA:13,System.DateTime Modules.Scenarios.Domain.WeatherInterval::get_EndTime()
DA:8,13
FN:8,Modules.Scenarios.Domain.WeatherCondition Modules.Scenarios.Domain.WeatherInterval::get_WeatherType()
FNDA:17,Modules.Scenarios.Domain.WeatherCondition Modules.Scenarios.Domain.WeatherInterval::get_WeatherType()
DA:9,17
LF:5
LH:5
BRF:0
BRH:0
FNF:5
FNH:5
end_of_record
SF:c:\Users\radug\OneDrive\Desktop\Licenta\src\Modules.Scenarios\Application\UseCases\UpdateRandomEvent\UpdateRandomEventCommand.cs
FN:6,System.Guid Modules.Scenarios.Application.UseCases.UpdateRandomEvent.UpdateRandomEventCommand::get_Id()
FNDA:2,System.Guid Modules.Scenarios.Application.UseCases.UpdateRandomEvent.UpdateRandomEventCommand::get_Id()
DA:7,2
FN:7,System.Guid Modules.Scenarios.Application.UseCases.UpdateRandomEvent.UpdateRandomEventCommand::get_ScenarioConfigId()
FNDA:3,System.Guid Modules.Scenarios.Application.UseCases.UpdateRandomEvent.UpdateRandomEventCommand::get_ScenarioConfigId()
DA:8,3
FN:8,System.String Modules.Scenarios.Application.UseCases.UpdateRandomEvent.UpdateRandomEventCommand::get_Name()
FNDA:4,System.String Modules.Scenarios.Application.UseCases.UpdateRandomEvent.UpdateRandomEventCommand::get_Name()
DA:9,4
FN:9,System.String Modules.Scenarios.Application.UseCases.UpdateRandomEvent.UpdateRandomEventCommand::get_Description()
FNDA:2,System.String Modules.Scenarios.Application.UseCases.UpdateRandomEvent.UpdateRandomEventCommand::get_Description()
DA:10,2
FN:10,System.DateTime Modules.Scenarios.Application.UseCases.UpdateRandomEvent.UpdateRandomEventCommand::get_StartTime()
FNDA:3,System.DateTime Modules.Scenarios.Application.UseCases.UpdateRandomEvent.UpdateRandomEventCommand::get_StartTime()
DA:11,3
FN:11,System.DateTime Modules.Scenarios.Application.UseCases.UpdateRandomEvent.UpdateRandomEventCommand::get_EndTime()
FNDA:3,System.DateTime Modules.Scenarios.Application.UseCases.UpdateRandomEvent.UpdateRandomEventCommand::get_EndTime()
DA:12,3
FN:12,System.Int32 Modules.Scenarios.Application.UseCases.UpdateRandomEvent.UpdateRandomEventCommand::get_ImpactPercent()
FNDA:4,System.Int32 Modules.Scenarios.Application.UseCases.UpdateRandomEvent.UpdateRandomEventCommand::get_ImpactPercent()
DA:13,4
FN:5,System.Void Modules.Scenarios.Application.UseCases.UpdateRandomEvent.UpdateRandomEventCommand::.ctor(System.Guid,System.Guid,System.String,System.String,System.DateTime,System.DateTime,System.Int32)
FNDA:1,System.Void Modules.Scenarios.Application.UseCases.UpdateRandomEvent.UpdateRandomEventCommand::.ctor(System.Guid,System.Guid,System.String,System.String,System.DateTime,System.DateTime,System.Int32)
DA:6,1
DA:14,1
LF:9
LH:9
BRF:0
BRH:0
FNF:8
FNH:8
end_of_record
SF:c:\Users\radug\OneDrive\Desktop\Licenta\src\Modules.Scenarios\Application\UseCases\UpdateRandomEvent\UpdateRandomEventHandler.cs
FN:12,System.Void Modules.Scenarios.Application.UseCases.UpdateRandomEvent.UpdateRandomEventHandler::.ctor(Modules.Scenarios.Application.IRandomEventStore,Modules.Scenarios.Application.IScenarioConfigStore)
FNDA:1,System.Void Modules.Scenarios.Application.UseCases.UpdateRandomEvent.UpdateRandomEventHandler::.ctor(Modules.Scenarios.Application.IRandomEventStore,Modules.Scenarios.Application.IScenarioConfigStore)
DA:13,1
DA:14,1
DA:15,1
DA:16,1
DA:17,1
DA:18,1
DA:19,1
FN:21,System.Void Modules.Scenarios.Application.UseCases.UpdateRandomEvent.UpdateRandomEventHandler/<Handle>d__3::MoveNext()
FNDA:1,System.Void Modules.Scenarios.Application.UseCases.UpdateRandomEvent.UpdateRandomEventHandler/<Handle>d__3::MoveNext()
DA:22,1
DA:24,1
DA:25,1
DA:26,0
DA:28,1
DA:29,0
DA:31,1
DA:32,0
DA:34,1
DA:35,0
DA:37,1
DA:38,1
DA:39,1
DA:40,1
DA:41,1
DA:42,1
DA:43,1
DA:44,1
DA:45,1
DA:46,1
DA:47,1
BRDA:25,186,0,0
BRDA:25,186,1,1
BRDA:28,219,0,0
BRDA:28,219,1,1
BRDA:31,263,0,0
BRDA:31,263,1,1
BRDA:34,294,0,0
BRDA:34,294,1,1
LF:28
LH:24
BRF:8
BRH:4
FNF:2
FNH:2
end_of_record
SF:c:\Users\radug\OneDrive\Desktop\Licenta\src\Modules.Scenarios\Application\UseCases\GetWeatherIntervals\WeatherIntervalsDto.cs
FN:5,System.Guid Modules.Scenarios.Application.UseCases.GetWeatherIntervals.WeatherIntervalsDto::get_Id()
FNDA:0,System.Guid Modules.Scenarios.Application.UseCases.GetWeatherIntervals.WeatherIntervalsDto::get_Id()
DA:6,0
FN:6,System.Guid Modules.Scenarios.Application.UseCases.GetWeatherIntervals.WeatherIntervalsDto::get_ScenarioConfigId()
FNDA:1,System.Guid Modules.Scenarios.Application.UseCases.GetWeatherIntervals.WeatherIntervalsDto::get_ScenarioConfigId()
DA:7,1
FN:7,System.DateTime Modules.Scenarios.Application.UseCases.GetWeatherIntervals.WeatherIntervalsDto::get_StartTime()
FNDA:1,System.DateTime Modules.Scenarios.Application.UseCases.GetWeatherIntervals.WeatherIntervalsDto::get_StartTime()
DA:8,1
FN:8,System.DateTime Modules.Scenarios.Application.UseCases.GetWeatherIntervals.WeatherIntervalsDto::get_EndTime()
FNDA:1,System.DateTime Modules.Scenarios.Application.UseCases.GetWeatherIntervals.WeatherIntervalsDto::get_EndTime()
DA:9,1
FN:9,Modules.Scenarios.Domain.WeatherCondition Modules.Scenarios.Application.UseCases.GetWeatherIntervals.WeatherIntervalsDto::get_Condition()
FNDA:1,Modules.Scenarios.Domain.WeatherCondition Modules.Scenarios.Application.UseCases.GetWeatherIntervals.WeatherIntervalsDto::get_Condition()
DA:10,1
FN:4,System.Void Modules.Scenarios.Application.UseCases.GetWeatherIntervals.WeatherIntervalsDto::.ctor(System.Guid,System.Guid,System.DateTime,System.DateTime,Modules.Scenarios.Domain.WeatherCondition)
FNDA:2,System.Void Modules.Scenarios.Application.UseCases.GetWeatherIntervals.WeatherIntervalsDto::.ctor(System.Guid,System.Guid,System.DateTime,System.DateTime,Modules.Scenarios.Domain.WeatherCondition)
DA:5,2
DA:11,2
LF:7
LH:6
BRF:0
BRH:0
FNF:6
FNH:5
end_of_record
SF:c:\Users\radug\OneDrive\Desktop\Licenta\src\Modules.Scenarios\Application\UseCases\GetWeatherIntervals\WeatherIntervalsHandler.cs
FN:9,System.Void Modules.Scenarios.Application.UseCases.GetWeatherIntervals.WeatherIntervalsHandler::.ctor(Modules.Scenarios.Application.IWeatherIntervalStore)
FNDA:0,System.Void Modules.Scenarios.Application.UseCases.GetWeatherIntervals.WeatherIntervalsHandler::.ctor(Modules.Scenarios.Application.IWeatherIntervalStore)
DA:10,0
DA:11,0
FN:19,Modules.Scenarios.Application.UseCases.GetWeatherIntervals.WeatherIntervalsDto Modules.Scenarios.Application.UseCases.GetWeatherIntervals.WeatherIntervalsHandler/<>c::<Handle>b__2_0(Modules.Scenarios.Domain.WeatherInterval)
FNDA:0,Modules.Scenarios.Application.UseCases.GetWeatherIntervals.WeatherIntervalsDto Modules.Scenarios.Application.UseCases.GetWeatherIntervals.WeatherIntervalsHandler/<>c::<Handle>b__2_0(Modules.Scenarios.Domain.WeatherInterval)
DA:20,0
DA:21,0
DA:22,0
DA:23,0
DA:24,0
DA:25,0
DA:26,0
FN:15,System.Void Modules.Scenarios.Application.UseCases.GetWeatherIntervals.WeatherIntervalsHandler/<Handle>d__2::MoveNext()
FNDA:0,System.Void Modules.Scenarios.Application.UseCases.GetWeatherIntervals.WeatherIntervalsHandler/<Handle>d__2::MoveNext()
DA:16,0
DA:17,0
DA:19,0
DA:27,0
DA:28,0
LF:14
LH:0
BRF:0
BRH:0
FNF:3
FNH:0
end_of_record
SF:c:\Users\radug\OneDrive\Desktop\Licenta\src\Modules.Scenarios\Application\UseCases\GetWeatherIntervals\WeatherIntervalsQuery.cs
FN:4,System.Guid Modules.Scenarios.Application.UseCases.GetWeatherIntervals.WeatherIntervalsQuery::get_ScenarioConfigId()
FNDA:2,System.Guid Modules.Scenarios.Application.UseCases.GetWeatherIntervals.WeatherIntervalsQuery::get_ScenarioConfigId()
DA:5,2
LF:1
LH:1
BRF:0
BRH:0
FNF:1
FNH:1
end_of_record
SF:c:\Users\radug\OneDrive\Desktop\Licenta\src\Modules.Scenarios\Application\UseCases\GetScenarioConfigs\ScenarioConfigDto.cs
FN:3,System.Guid Modules.Scenarios.Application.UseCases.GetScenarioConfigs.ScenarioConfigDto::get_Id()
FNDA:0,System.Guid Modules.Scenarios.Application.UseCases.GetScenarioConfigs.ScenarioConfigDto::get_Id()
DA:4,0
FN:4,System.Guid Modules.Scenarios.Application.UseCases.GetScenarioConfigs.ScenarioConfigDto::get_AirportId()
FNDA:0,System.Guid Modules.Scenarios.Application.UseCases.GetScenarioConfigs.ScenarioConfigDto::get_AirportId()
DA:5,0
FN:5,System.String Modules.Scenarios.Application.UseCases.GetScenarioConfigs.ScenarioConfigDto::get_Name()
FNDA:0,System.String Modules.Scenarios.Application.UseCases.GetScenarioConfigs.ScenarioConfigDto::get_Name()
DA:6,0
FN:6,System.Int32 Modules.Scenarios.Application.UseCases.GetScenarioConfigs.ScenarioConfigDto::get_Difficulty()
FNDA:0,System.Int32 Modules.Scenarios.Application.UseCases.GetScenarioConfigs.ScenarioConfigDto::get_Difficulty()
DA:7,0
FN:7,System.DateTime Modules.Scenarios.Application.UseCases.GetScenarioConfigs.ScenarioConfigDto::get_StartTime()
FNDA:0,System.DateTime Modules.Scenarios.Application.UseCases.GetScenarioConfigs.ScenarioConfigDto::get_StartTime()
DA:8,0
FN:8,System.DateTime Modules.Scenarios.Application.UseCases.GetScenarioConfigs.ScenarioConfigDto::get_EndTime()
FNDA:0,System.DateTime Modules.Scenarios.Application.UseCases.GetScenarioConfigs.ScenarioConfigDto::get_EndTime()
DA:9,0
FN:9,System.Int32 Modules.Scenarios.Application.UseCases.GetScenarioConfigs.ScenarioConfigDto::get_Seed()
FNDA:0,System.Int32 Modules.Scenarios.Application.UseCases.GetScenarioConfigs.ScenarioConfigDto::get_Seed()
DA:10,0
FN:10,System.Int32 Modules.Scenarios.Application.UseCases.GetScenarioConfigs.ScenarioConfigDto::get_AircraftCount()
FNDA:0,System.Int32 Modules.Scenarios.Application.UseCases.GetScenarioConfigs.ScenarioConfigDto::get_AircraftCount()
DA:11,0
FN:11,System.Int32 Modules.Scenarios.Application.UseCases.GetScenarioConfigs.ScenarioConfigDto::get_AircraftDifficulty()
FNDA:0,System.Int32 Modules.Scenarios.Application.UseCases.GetScenarioConfigs.ScenarioConfigDto::get_AircraftDifficulty()
DA:12,0
FN:12,System.Int32 Modules.Scenarios.Application.UseCases.GetScenarioConfigs.ScenarioConfigDto::get_OnGroundAircraftCount()
FNDA:0,System.Int32 Modules.Scenarios.Application.UseCases.GetScenarioConfigs.ScenarioConfigDto::get_OnGroundAircraftCount()
DA:13,0
FN:13,System.Int32 Modules.Scenarios.Application.UseCases.GetScenarioConfigs.ScenarioConfigDto::get_InboundAircraftCount()
FNDA:0,System.Int32 Modules.Scenarios.Application.UseCases.GetScenarioConfigs.ScenarioConfigDto::get_InboundAircraftCount()
DA:14,0
FN:14,System.Int32 Modules.Scenarios.Application.UseCases.GetScenarioConfigs.ScenarioConfigDto::get_RemainingOnGroundAircraftCount()
FNDA:0,System.Int32 Modules.Scenarios.Application.UseCases.GetScenarioConfigs.ScenarioConfigDto::get_RemainingOnGroundAircraftCount()
DA:15,0
FN:15,System.Int32 Modules.Scenarios.Application.UseCases.GetScenarioConfigs.ScenarioConfigDto::get_BaseSeparationSeconds()
FNDA:0,System.Int32 Modules.Scenarios.Application.UseCases.GetScenarioConfigs.ScenarioConfigDto::get_BaseSeparationSeconds()
DA:16,0
FN:16,System.Int32 Modules.Scenarios.Application.UseCases.GetScenarioConfigs.ScenarioConfigDto::get_WakePercent()
FNDA:0,System.Int32 Modules.Scenarios.Application.UseCases.GetScenarioConfigs.ScenarioConfigDto::get_WakePercent()
DA:17,0
FN:17,System.Int32 Modules.Scenarios.Application.UseCases.GetScenarioConfigs.ScenarioConfigDto::get_WeatherPercent()
FNDA:0,System.Int32 Modules.Scenarios.Application.UseCases.GetScenarioConfigs.ScenarioConfigDto::get_WeatherPercent()
DA:18,0
FN:18,System.Int32 Modules.Scenarios.Application.UseCases.GetScenarioConfigs.ScenarioConfigDto::get_WeatherIntervalCount()
FNDA:0,System.Int32 Modules.Scenarios.Application.UseCases.GetScenarioConfigs.ScenarioConfigDto::get_WeatherIntervalCount()
DA:19,0
FN:19,System.Int32 Modules.Scenarios.Application.UseCases.GetScenarioConfigs.ScenarioConfigDto::get_MinWeatherIntervalMinutes()
FNDA:0,System.Int32 Modules.Scenarios.Application.UseCases.GetScenarioConfigs.ScenarioConfigDto::get_MinWeatherIntervalMinutes()
DA:20,0
FN:20,System.Int32 Modules.Scenarios.Application.UseCases.GetScenarioConfigs.ScenarioConfigDto::get_WeatherDifficulty()
FNDA:0,System.Int32 Modules.Scenarios.Application.UseCases.GetScenarioConfigs.ScenarioConfigDto::get_WeatherDifficulty()
DA:21,0
FN:2,System.Void Modules.Scenarios.Application.UseCases.GetScenarioConfigs.ScenarioConfigDto::.ctor(System.Guid,System.Guid,System.String,System.Int32,System.DateTime,System.DateTime,System.Int32,System.Int32,System.Int32,System.Int32,System.Int32,System.Int32,System.Int32,System.Int32,System.Int32,System.Int32,System.Int32,System.Int32)
FNDA:0,System.Void Modules.Scenarios.Application.UseCases.GetScenarioConfigs.ScenarioConfigDto::.ctor(System.Guid,System.Guid,System.String,System.Int32,System.DateTime,System.DateTime,System.Int32,System.Int32,System.Int32,System.Int32,System.Int32,System.Int32,System.Int32,System.Int32,System.Int32,System.Int32,System.Int32,System.Int32)
DA:3,0
DA:22,0
LF:20
LH:0
BRF:0
BRH:0
FNF:19
FNH:0
end_of_record
SF:c:\Users\radug\OneDrive\Desktop\Licenta\src\Modules.Scenarios\Application\UseCases\GetScenarioConfigs\ScenarioConfigHandler.cs
FN:8,System.Void Modules.Scenarios.Application.UseCases.GetScenarioConfigs.ScenarioConfigHandler::.ctor(Modules.Scenarios.Application.IScenarioConfigStore)
FNDA:0,System.Void Modules.Scenarios.Application.UseCases.GetScenarioConfigs.ScenarioConfigHandler::.ctor(Modules.Scenarios.Application.IScenarioConfigStore)
DA:9,0
FN:14,Modules.Scenarios.Application.UseCases.GetScenarioConfigs.ScenarioConfigDto Modules.Scenarios.Application.UseCases.GetScenarioConfigs.ScenarioConfigHandler/<>c::<Handle>b__2_0(Modules.Scenarios.Domain.ScenarioConfig)
FNDA:0,Modules.Scenarios.Application.UseCases.GetScenarioConfigs.ScenarioConfigDto Modules.Scenarios.Application.UseCases.GetScenarioConfigs.ScenarioConfigHandler/<>c::<Handle>b__2_0(Modules.Scenarios.Domain.ScenarioConfig)
DA:15,0
DA:16,0
DA:17,0
DA:18,0
DA:19,0
DA:20,0
DA:21,0
DA:22,0
DA:23,0
DA:24,0
DA:25,0
DA:26,0
DA:27,0
DA:28,0
DA:29,0
DA:30,0
DA:31,0
DA:32,0
DA:33,0
DA:34,0
FN:11,System.Void Modules.Scenarios.Application.UseCases.GetScenarioConfigs.ScenarioConfigHandler/<Handle>d__2::MoveNext()
FNDA:0,System.Void Modules.Scenarios.Application.UseCases.GetScenarioConfigs.ScenarioConfigHandler/<Handle>d__2::MoveNext()
DA:12,0
DA:13,0
DA:35,0
LF:24
LH:0
BRF:0
BRH:0
FNF:3
FNH:0
end_of_record
SF:c:\Users\radug\OneDrive\Desktop\Licenta\src\Modules.Scenarios\Application\UseCases\GetScenarioConfigs\ScenarioConfigQuery.cs
FN:5,System.Void Modules.Scenarios.Application.UseCases.GetScenarioConfigs.ScenarioConfigQuery::.ctor()
FNDA:0,System.Void Modules.Scenarios.Application.UseCases.GetScenarioConfigs.ScenarioConfigQuery::.ctor()
DA:6,0
LF:1
LH:0
BRF:0
BRH:0
FNF:1
FNH:0
end_of_record
SF:c:\Users\radug\OneDrive\Desktop\Licenta\src\Modules.Scenarios\Application\UseCases\GetRandomEventsByScenarioConfigId\GetRandomEventsByScenarioConfigIdHandler.cs
FN:10,System.Void Modules.Scenarios.Application.UseCases.GetRandomEventsByScenarioConfigId.GetRandomEventsByScenarioConfigIdHandler::.ctor(Modules.Scenarios.Application.IRandomEventStore)
FNDA:0,System.Void Modules.Scenarios.Application.UseCases.GetRandomEventsByScenarioConfigId.GetRandomEventsByScenarioConfigIdHandler::.ctor(Modules.Scenarios.Application.IRandomEventStore)
DA:11,0
DA:12,0
DA:13,0
DA:14,0
FN:18,System.Void Modules.Scenarios.Application.UseCases.GetRandomEventsByScenarioConfigId.GetRandomEventsByScenarioConfigIdHandler/<Handle>d__2::MoveNext()
FNDA:0,System.Void Modules.Scenarios.Application.UseCases.GetRandomEventsByScenarioConfigId.GetRandomEventsByScenarioConfigIdHandler/<Handle>d__2::MoveNext()
DA:19,0
DA:20,0
DA:21,0
DA:22,0
LF:8
LH:0
BRF:0
BRH:0
FNF:2
FNH:0
end_of_record
SF:c:\Users\radug\OneDrive\Desktop\Licenta\src\Modules.Scenarios\Application\UseCases\GetRandomEventsByScenarioConfigId\GetRandomEventsByScenarioConfigIdQuery.cs
FN:4,System.Guid Modules.Scenarios.Application.UseCases.GetRandomEventsByScenarioConfigId.GetRandomEventsByScenarioConfigIdQuery::get_ScenarioConfigId()
FNDA:1,System.Guid Modules.Scenarios.Application.UseCases.GetRandomEventsByScenarioConfigId.GetRandomEventsByScenarioConfigIdQuery::get_ScenarioConfigId()
DA:5,1
LF:1
LH:1
BRF:0
BRH:0
FNF:1
FNH:1
end_of_record
SF:c:\Users\radug\OneDrive\Desktop\Licenta\src\Modules.Scenarios\Application\UseCases\GetRandomEventsByScenarioConfigId\RandomEventDto.cs
FN:3,System.Guid Modules.Scenarios.Application.UseCases.GetRandomEventsByScenarioConfigId.RandomEventDto::get_Id()
FNDA:0,System.Guid Modules.Scenarios.Application.UseCases.GetRandomEventsByScenarioConfigId.RandomEventDto::get_Id()
DA:4,0
FN:4,System.Guid Modules.Scenarios.Application.UseCases.GetRandomEventsByScenarioConfigId.RandomEventDto::get_ScenarioConfigId()
FNDA:1,System.Guid Modules.Scenarios.Application.UseCases.GetRandomEventsByScenarioConfigId.RandomEventDto::get_ScenarioConfigId()
DA:5,1
FN:5,System.String Modules.Scenarios.Application.UseCases.GetRandomEventsByScenarioConfigId.RandomEventDto::get_Name()
FNDA:1,System.String Modules.Scenarios.Application.UseCases.GetRandomEventsByScenarioConfigId.RandomEventDto::get_Name()
DA:6,1
FN:6,System.String Modules.Scenarios.Application.UseCases.GetRandomEventsByScenarioConfigId.RandomEventDto::get_Description()
FNDA:1,System.String Modules.Scenarios.Application.UseCases.GetRandomEventsByScenarioConfigId.RandomEventDto::get_Description()
DA:7,1
FN:7,System.DateTime Modules.Scenarios.Application.UseCases.GetRandomEventsByScenarioConfigId.RandomEventDto::get_StartTime()
FNDA:1,System.DateTime Modules.Scenarios.Application.UseCases.GetRandomEventsByScenarioConfigId.RandomEventDto::get_StartTime()
DA:8,1
FN:8,System.DateTime Modules.Scenarios.Application.UseCases.GetRandomEventsByScenarioConfigId.RandomEventDto::get_EndTime()
FNDA:1,System.DateTime Modules.Scenarios.Application.UseCases.GetRandomEventsByScenarioConfigId.RandomEventDto::get_EndTime()
DA:9,1
FN:9,System.Int32 Modules.Scenarios.Application.UseCases.GetRandomEventsByScenarioConfigId.RandomEventDto::get_ImpactPercent()
FNDA:1,System.Int32 Modules.Scenarios.Application.UseCases.GetRandomEventsByScenarioConfigId.RandomEventDto::get_ImpactPercent()
DA:10,1
FN:2,System.Void Modules.Scenarios.Application.UseCases.GetRandomEventsByScenarioConfigId.RandomEventDto::.ctor(System.Guid,System.Guid,System.String,System.String,System.DateTime,System.DateTime,System.Int32)
FNDA:1,System.Void Modules.Scenarios.Application.UseCases.GetRandomEventsByScenarioConfigId.RandomEventDto::.ctor(System.Guid,System.Guid,System.String,System.String,System.DateTime,System.DateTime,System.Int32)
DA:3,1
DA:11,1
LF:9
LH:8
BRF:0
BRH:0
FNF:8
FNH:7
end_of_record
SF:c:\Users\radug\OneDrive\Desktop\Licenta\src\Modules.Scenarios\Application\UseCases\GetFlights\FlightDto.cs
FN:5,System.Guid Modules.Scenarios.Application.UseCases.GetFlights.FlightDto::get_Id()
FNDA:0,System.Guid Modules.Scenarios.Application.UseCases.GetFlights.FlightDto::get_Id()
DA:6,0
FN:6,System.Guid Modules.Scenarios.Application.UseCases.GetFlights.FlightDto::get_ScenarioConfigId()
FNDA:1,System.Guid Modules.Scenarios.Application.UseCases.GetFlights.FlightDto::get_ScenarioConfigId()
DA:7,1
FN:7,System.Guid Modules.Scenarios.Application.UseCases.GetFlights.FlightDto::get_AircraftId()
FNDA:1,System.Guid Modules.Scenarios.Application.UseCases.GetFlights.FlightDto::get_AircraftId()
DA:8,1
FN:8,System.String Modules.Scenarios.Application.UseCases.GetFlights.FlightDto::get_Callsign()
FNDA:1,System.String Modules.Scenarios.Application.UseCases.GetFlights.FlightDto::get_Callsign()
DA:9,1
FN:9,Modules.Scenarios.Domain.FlightType Modules.Scenarios.Application.UseCases.GetFlights.FlightDto::get_Type()
FNDA:1,Modules.Scenarios.Domain.FlightType Modules.Scenarios.Application.UseCases.GetFlights.FlightDto::get_Type()
DA:10,1
FN:10,System.DateTime Modules.Scenarios.Application.UseCases.GetFlights.FlightDto::get_ScheduledTime()
FNDA:1,System.DateTime Modules.Scenarios.Application.UseCases.GetFlights.FlightDto::get_ScheduledTime()
DA:11,1
FN:11,System.Int32 Modules.Scenarios.Application.UseCases.GetFlights.FlightDto::get_MaxDelayMinutes()
FNDA:1,System.Int32 Modules.Scenarios.Application.UseCases.GetFlights.FlightDto::get_MaxDelayMinutes()
DA:12,1
FN:12,System.Int32 Modules.Scenarios.Application.UseCases.GetFlights.FlightDto::get_MaxEarlyMinutes()
FNDA:1,System.Int32 Modules.Scenarios.Application.UseCases.GetFlights.FlightDto::get_MaxEarlyMinutes()
DA:13,1
FN:13,System.Int32 Modules.Scenarios.Application.UseCases.GetFlights.FlightDto::get_Priority()
FNDA:1,System.Int32 Modules.Scenarios.Application.UseCases.GetFlights.FlightDto::get_Priority()
DA:14,1
FN:4,System.Void Modules.Scenarios.Application.UseCases.GetFlights.FlightDto::.ctor(System.Guid,System.Guid,System.Guid,System.String,Modules.Scenarios.Domain.FlightType,System.DateTime,System.Int32,System.Int32,System.Int32)
FNDA:1,System.Void Modules.Scenarios.Application.UseCases.GetFlights.FlightDto::.ctor(System.Guid,System.Guid,System.Guid,System.String,Modules.Scenarios.Domain.FlightType,System.DateTime,System.Int32,System.Int32,System.Int32)
DA:5,1
DA:15,1
DA:16,1
LF:12
LH:11
BRF:0
BRH:0
FNF:10
FNH:9
end_of_record
SF:c:\Users\radug\OneDrive\Desktop\Licenta\src\Modules.Scenarios\Application\UseCases\GetFlights\FlightHandler.cs
FN:7,System.Void Modules.Scenarios.Application.UseCases.GetFlights.FlightHandler::.ctor(Modules.Scenarios.Application.IFlightStore)
FNDA:0,System.Void Modules.Scenarios.Application.UseCases.GetFlights.FlightHandler::.ctor(Modules.Scenarios.Application.IFlightStore)
DA:8,0
FN:13,Modules.Scenarios.Application.UseCases.GetFlights.FlightDto Modules.Scenarios.Application.UseCases.GetFlights.FlightHandler/<>c::<Handle>b__2_0(Modules.Scenarios.Domain.Flight)
FNDA:0,Modules.Scenarios.Application.UseCases.GetFlights.FlightDto Modules.Scenarios.Application.UseCases.GetFlights.FlightHandler/<>c::<Handle>b__2_0(Modules.Scenarios.Domain.Flight)
DA:14,0
DA:15,0
DA:16,0
DA:17,0
DA:18,0
DA:19,0
DA:20,0
DA:21,0
DA:22,0
DA:23,0
DA:24,0
FN:10,System.Void Modules.Scenarios.Application.UseCases.GetFlights.FlightHandler/<Handle>d__2::MoveNext()
FNDA:0,System.Void Modules.Scenarios.Application.UseCases.GetFlights.FlightHandler/<Handle>d__2::MoveNext()
DA:11,0
DA:12,0
DA:25,0
LF:15
LH:0
BRF:0
BRH:0
FNF:3
FNH:0
end_of_record
SF:c:\Users\radug\OneDrive\Desktop\Licenta\src\Modules.Scenarios\Application\UseCases\GetFlights\FlightQuery.cs
FN:4,System.Guid Modules.Scenarios.Application.UseCases.GetFlights.FlightQuery::get_ScenarioConfigId()
FNDA:1,System.Guid Modules.Scenarios.Application.UseCases.GetFlights.FlightQuery::get_ScenarioConfigId()
DA:5,1
LF:1
LH:1
BRF:0
BRH:0
FNF:1
FNH:1
end_of_record
SF:c:\Users\radug\OneDrive\Desktop\Licenta\src\Modules.Scenarios\Application\UseCases\GetAllDataScenarioConfig\AllDataScenarioConfigDto.cs
FN:5,System.Guid Modules.Scenarios.Application.UseCases.GetAllDataScenarioConfig.ScenarioConfigAllDataDto::get_Id()
FNDA:0,System.Guid Modules.Scenarios.Application.UseCases.GetAllDataScenarioConfig.ScenarioConfigAllDataDto::get_Id()
DA:6,0
FN:6,System.Guid Modules.Scenarios.Application.UseCases.GetAllDataScenarioConfig.ScenarioConfigAllDataDto::get_AirportId()
FNDA:0,System.Guid Modules.Scenarios.Application.UseCases.GetAllDataScenarioConfig.ScenarioConfigAllDataDto::get_AirportId()
DA:7,0
FN:7,System.String Modules.Scenarios.Application.UseCases.GetAllDataScenarioConfig.ScenarioConfigAllDataDto::get_Name()
FNDA:0,System.String Modules.Scenarios.Application.UseCases.GetAllDataScenarioConfig.ScenarioConfigAllDataDto::get_Name()
DA:8,0
FN:8,System.Int32 Modules.Scenarios.Application.UseCases.GetAllDataScenarioConfig.ScenarioConfigAllDataDto::get_Difficulty()
FNDA:0,System.Int32 Modules.Scenarios.Application.UseCases.GetAllDataScenarioConfig.ScenarioConfigAllDataDto::get_Difficulty()
DA:9,0
FN:9,System.DateTime Modules.Scenarios.Application.UseCases.GetAllDataScenarioConfig.ScenarioConfigAllDataDto::get_StartTime()
FNDA:0,System.DateTime Modules.Scenarios.Application.UseCases.GetAllDataScenarioConfig.ScenarioConfigAllDataDto::get_StartTime()
DA:10,0
FN:10,System.DateTime Modules.Scenarios.Application.UseCases.GetAllDataScenarioConfig.ScenarioConfigAllDataDto::get_EndTime()
FNDA:0,System.DateTime Modules.Scenarios.Application.UseCases.GetAllDataScenarioConfig.ScenarioConfigAllDataDto::get_EndTime()
DA:11,0
FN:11,System.Int32 Modules.Scenarios.Application.UseCases.GetAllDataScenarioConfig.ScenarioConfigAllDataDto::get_Seed()
FNDA:0,System.Int32 Modules.Scenarios.Application.UseCases.GetAllDataScenarioConfig.ScenarioConfigAllDataDto::get_Seed()
DA:12,0
FN:12,System.Int32 Modules.Scenarios.Application.UseCases.GetAllDataScenarioConfig.ScenarioConfigAllDataDto::get_AircraftCount()
FNDA:0,System.Int32 Modules.Scenarios.Application.UseCases.GetAllDataScenarioConfig.ScenarioConfigAllDataDto::get_AircraftCount()
DA:13,0
FN:13,System.Int32 Modules.Scenarios.Application.UseCases.GetAllDataScenarioConfig.ScenarioConfigAllDataDto::get_AircraftDifficulty()
FNDA:0,System.Int32 Modules.Scenarios.Application.UseCases.GetAllDataScenarioConfig.ScenarioConfigAllDataDto::get_AircraftDifficulty()
DA:14,0
FN:14,System.Int32 Modules.Scenarios.Application.UseCases.GetAllDataScenarioConfig.ScenarioConfigAllDataDto::get_OnGroundAircraftCount()
FNDA:0,System.Int32 Modules.Scenarios.Application.UseCases.GetAllDataScenarioConfig.ScenarioConfigAllDataDto::get_OnGroundAircraftCount()
DA:15,0
FN:15,System.Int32 Modules.Scenarios.Application.UseCases.GetAllDataScenarioConfig.ScenarioConfigAllDataDto::get_InboundAircraftCount()
FNDA:0,System.Int32 Modules.Scenarios.Application.UseCases.GetAllDataScenarioConfig.ScenarioConfigAllDataDto::get_InboundAircraftCount()
DA:16,0
FN:16,System.Int32 Modules.Scenarios.Application.UseCases.GetAllDataScenarioConfig.ScenarioConfigAllDataDto::get_RemainingOnGroundAircraftCount()
FNDA:0,System.Int32 Modules.Scenarios.Application.UseCases.GetAllDataScenarioConfig.ScenarioConfigAllDataDto::get_RemainingOnGroundAircraftCount()
DA:17,0
FN:17,System.Int32 Modules.Scenarios.Application.UseCases.GetAllDataScenarioConfig.ScenarioConfigAllDataDto::get_BaseSeparationSeconds()
FNDA:0,System.Int32 Modules.Scenarios.Application.UseCases.GetAllDataScenarioConfig.ScenarioConfigAllDataDto::get_BaseSeparationSeconds()
DA:18,0
FN:18,System.Int32 Modules.Scenarios.Application.UseCases.GetAllDataScenarioConfig.ScenarioConfigAllDataDto::get_WakePercent()
FNDA:0,System.Int32 Modules.Scenarios.Application.UseCases.GetAllDataScenarioConfig.ScenarioConfigAllDataDto::get_WakePercent()
DA:19,0
FN:19,System.Int32 Modules.Scenarios.Application.UseCases.GetAllDataScenarioConfig.ScenarioConfigAllDataDto::get_WeatherPercent()
FNDA:0,System.Int32 Modules.Scenarios.Application.UseCases.GetAllDataScenarioConfig.ScenarioConfigAllDataDto::get_WeatherPercent()
DA:20,0
FN:20,System.Int32 Modules.Scenarios.Application.UseCases.GetAllDataScenarioConfig.ScenarioConfigAllDataDto::get_WeatherIntervalCount()
FNDA:0,System.Int32 Modules.Scenarios.Application.UseCases.GetAllDataScenarioConfig.ScenarioConfigAllDataDto::get_WeatherIntervalCount()
DA:21,0
FN:21,System.Int32 Modules.Scenarios.Application.UseCases.GetAllDataScenarioConfig.ScenarioConfigAllDataDto::get_MinWeatherIntervalMinutes()
FNDA:0,System.Int32 Modules.Scenarios.Application.UseCases.GetAllDataScenarioConfig.ScenarioConfigAllDataDto::get_MinWeatherIntervalMinutes()
DA:22,0
FN:22,System.Int32 Modules.Scenarios.Application.UseCases.GetAllDataScenarioConfig.ScenarioConfigAllDataDto::get_WeatherDifficulty()
FNDA:0,System.Int32 Modules.Scenarios.Application.UseCases.GetAllDataScenarioConfig.ScenarioConfigAllDataDto::get_WeatherDifficulty()
DA:23,0
FN:23,System.Collections.Generic.IReadOnlyList`1<Modules.Scenarios.Application.UseCases.GetAllDataScenarioConfig.FlightDto> Modules.Scenarios.Application.UseCases.GetAllDataScenarioConfig.ScenarioConfigAllDataDto::get_Flights()
FNDA:0,System.Collections.Generic.IReadOnlyList`1<Modules.Scenarios.Application.UseCases.GetAllDataScenarioConfig.FlightDto> Modules.Scenarios.Application.UseCases.GetAllDataScenarioConfig.ScenarioConfigAllDataDto::get_Flights()
DA:24,0
FN:24,System.Collections.Generic.IReadOnlyList`1<Modules.Scenarios.Application.UseCases.GetAllDataScenarioConfig.WeatherIntervalsDto> Modules.Scenarios.Application.UseCases.GetAllDataScenarioConfig.ScenarioConfigAllDataDto::get_WeatherIntervals()
FNDA:0,System.Collections.Generic.IReadOnlyList`1<Modules.Scenarios.Application.UseCases.GetAllDataScenarioConfig.WeatherIntervalsDto> Modules.Scenarios.Application.UseCases.GetAllDataScenarioConfig.ScenarioConfigAllDataDto::get_WeatherIntervals()
DA:25,0
FN:4,System.Void Modules.Scenarios.Application.UseCases.GetAllDataScenarioConfig.ScenarioConfigAllDataDto::.ctor(System.Guid,System.Guid,System.String,System.Int32,System.DateTime,System.DateTime,System.Int32,System.Int32,System.Int32,System.Int32,System.Int32,System.Int32,System.Int32,System.Int32,System.Int32,System.Int32,System.Int32,System.Int32,System.Collections.Generic.IReadOnlyList`1<Modules.Scenarios.Application.UseCases.GetAllDataScenarioConfig.FlightDto>,System.Collections.Generic.IReadOnlyList`1<Modules.Scenarios.Application.UseCases.GetAllDataScenarioConfig.WeatherIntervalsDto>)
FNDA:0,System.Void Modules.Scenarios.Application.UseCases.GetAllDataScenarioConfig.ScenarioConfigAllDataDto::.ctor(System.Guid,System.Guid,System.String,System.Int32,System.DateTime,System.DateTime,System.Int32,System.Int32,System.Int32,System.Int32,System.Int32,System.Int32,System.Int32,System.Int32,System.Int32,System.Int32,System.Int32,System.Int32,System.Collections.Generic.IReadOnlyList`1<Modules.Scenarios.Application.UseCases.GetAllDataScenarioConfig.FlightDto>,System.Collections.Generic.IReadOnlyList`1<Modules.Scenarios.Application.UseCases.GetAllDataScenarioConfig.WeatherIntervalsDto>)
DA:5,0
DA:26,0
FN:28,System.Guid Modules.Scenarios.Application.UseCases.GetAllDataScenarioConfig.FlightDto::get_Id()
FNDA:0,System.Guid Modules.Scenarios.Application.UseCases.GetAllDataScenarioConfig.FlightDto::get_Id()
DA:29,0
FN:29,System.Guid Modules.Scenarios.Application.UseCases.GetAllDataScenarioConfig.FlightDto::get_ScenarioConfigId()
FNDA:0,System.Guid Modules.Scenarios.Application.UseCases.GetAllDataScenarioConfig.FlightDto::get_ScenarioConfigId()
DA:30,0
FN:30,System.Guid Modules.Scenarios.Application.UseCases.GetAllDataScenarioConfig.FlightDto::get_AircraftId()
FNDA:0,System.Guid Modules.Scenarios.Application.UseCases.GetAllDataScenarioConfig.FlightDto::get_AircraftId()
DA:31,0
FN:31,System.String Modules.Scenarios.Application.UseCases.GetAllDataScenarioConfig.FlightDto::get_Callsign()
FNDA:0,System.String Modules.Scenarios.Application.UseCases.GetAllDataScenarioConfig.FlightDto::get_Callsign()
DA:32,0
FN:32,Modules.Scenarios.Domain.FlightType Modules.Scenarios.Application.UseCases.GetAllDataScenarioConfig.FlightDto::get_Type()
FNDA:0,Modules.Scenarios.Domain.FlightType Modules.Scenarios.Application.UseCases.GetAllDataScenarioConfig.FlightDto::get_Type()
DA:33,0
FN:33,System.DateTime Modules.Scenarios.Application.UseCases.GetAllDataScenarioConfig.FlightDto::get_ScheduledTime()
FNDA:0,System.DateTime Modules.Scenarios.Application.UseCases.GetAllDataScenarioConfig.FlightDto::get_ScheduledTime()
DA:34,0
FN:34,System.Int32 Modules.Scenarios.Application.UseCases.GetAllDataScenarioConfig.FlightDto::get_MaxDelayMinutes()
FNDA:0,System.Int32 Modules.Scenarios.Application.UseCases.GetAllDataScenarioConfig.FlightDto::get_MaxDelayMinutes()
DA:35,0
FN:35,System.Int32 Modules.Scenarios.Application.UseCases.GetAllDataScenarioConfig.FlightDto::get_MaxEarlyMinutes()
FNDA:0,System.Int32 Modules.Scenarios.Application.UseCases.GetAllDataScenarioConfig.FlightDto::get_MaxEarlyMinutes()
DA:36,0
FN:36,System.Int32 Modules.Scenarios.Application.UseCases.GetAllDataScenarioConfig.FlightDto::get_Priority()
FNDA:0,System.Int32 Modules.Scenarios.Application.UseCases.GetAllDataScenarioConfig.FlightDto::get_Priority()
DA:37,0
FN:27,System.Void Modules.Scenarios.Application.UseCases.GetAllDataScenarioConfig.FlightDto::.ctor(System.Guid,System.Guid,System.Guid,System.String,Modules.Scenarios.Domain.FlightType,System.DateTime,System.Int32,System.Int32,System.Int32)
FNDA:0,System.Void Modules.Scenarios.Application.UseCases.GetAllDataScenarioConfig.FlightDto::.ctor(System.Guid,System.Guid,System.Guid,System.String,Modules.Scenarios.Domain.FlightType,System.DateTime,System.Int32,System.Int32,System.Int32)
DA:28,0
DA:38,0
DA:39,0
FN:41,System.Guid Modules.Scenarios.Application.UseCases.GetAllDataScenarioConfig.WeatherIntervalsDto::get_Id()
FNDA:0,System.Guid Modules.Scenarios.Application.UseCases.GetAllDataScenarioConfig.WeatherIntervalsDto::get_Id()
DA:42,0
FN:42,System.Guid Modules.Scenarios.Application.UseCases.GetAllDataScenarioConfig.WeatherIntervalsDto::get_ScenarioConfigId()
FNDA:0,System.Guid Modules.Scenarios.Application.UseCases.GetAllDataScenarioConfig.WeatherIntervalsDto::get_ScenarioConfigId()
DA:43,0
FN:43,System.DateTime Modules.Scenarios.Application.UseCases.GetAllDataScenarioConfig.WeatherIntervalsDto::get_StartTime()
FNDA:0,System.DateTime Modules.Scenarios.Application.UseCases.GetAllDataScenarioConfig.WeatherIntervalsDto::get_StartTime()
DA:44,0
FN:44,System.DateTime Modules.Scenarios.Application.UseCases.GetAllDataScenarioConfig.WeatherIntervalsDto::get_EndTime()
FNDA:0,System.DateTime Modules.Scenarios.Application.UseCases.GetAllDataScenarioConfig.WeatherIntervalsDto::get_EndTime()
DA:45,0
FN:45,Modules.Scenarios.Domain.WeatherCondition Modules.Scenarios.Application.UseCases.GetAllDataScenarioConfig.WeatherIntervalsDto::get_WeatherType()
FNDA:0,Modules.Scenarios.Domain.WeatherCondition Modules.Scenarios.Application.UseCases.GetAllDataScenarioConfig.WeatherIntervalsDto::get_WeatherType()
DA:46,0
FN:40,System.Void Modules.Scenarios.Application.UseCases.GetAllDataScenarioConfig.WeatherIntervalsDto::.ctor(System.Guid,System.Guid,System.DateTime,System.DateTime,Modules.Scenarios.Domain.WeatherCondition)
FNDA:0,System.Void Modules.Scenarios.Application.UseCases.GetAllDataScenarioConfig.WeatherIntervalsDto::.ctor(System.Guid,System.Guid,System.DateTime,System.DateTime,Modules.Scenarios.Domain.WeatherCondition)
DA:41,0
DA:47,0
LF:41
LH:0
BRF:0
BRH:0
FNF:37
FNH:0
end_of_record
SF:c:\Users\radug\OneDrive\Desktop\Licenta\src\Modules.Scenarios\Application\UseCases\GetAllDataScenarioConfig\AllDataScenarioConfigHandler.cs
FN:12,System.Void Modules.Scenarios.Application.UseCases.GetAllDataScenarioConfig.GetAllDataScenarioConfigHandler::.ctor(Modules.Scenarios.Application.IScenarioConfigStore,Modules.Scenarios.Application.IFlightStore,Modules.Scenarios.Application.IWeatherIntervalStore)
FNDA:0,System.Void Modules.Scenarios.Application.UseCases.GetAllDataScenarioConfig.GetAllDataScenarioConfigHandler::.ctor(Modules.Scenarios.Application.IScenarioConfigStore,Modules.Scenarios.Application.IFlightStore,Modules.Scenarios.Application.IWeatherIntervalStore)
DA:13,0
DA:14,0
DA:15,0
DA:16,0
DA:17,0
DA:18,0
DA:19,0
DA:20,0
DA:21,0
FN:31,Modules.Scenarios.Application.UseCases.GetAllDataScenarioConfig.FlightDto Modules.Scenarios.Application.UseCases.GetAllDataScenarioConfig.GetAllDataScenarioConfigHandler/<>c::<Handle>b__4_0(Modules.Scenarios.Domain.Flight)
FNDA:0,Modules.Scenarios.Application.UseCases.GetAllDataScenarioConfig.FlightDto Modules.Scenarios.Application.UseCases.GetAllDataScenarioConfig.GetAllDataScenarioConfigHandler/<>c::<Handle>b__4_0(Modules.Scenarios.Domain.Flight)
DA:32,0
DA:33,0
DA:34,0
DA:35,0
DA:36,0
DA:37,0
DA:38,0
DA:39,0
DA:40,0
DA:41,0
DA:42,0
FN:43,Modules.Scenarios.Application.UseCases.GetAllDataScenarioConfig.WeatherIntervalsDto Modules.Scenarios.Application.UseCases.GetAllDataScenarioConfig.GetAllDataScenarioConfigHandler/<>c::<Handle>b__4_1(Modules.Scenarios.Domain.WeatherInterval)
FNDA:0,Modules.Scenarios.Application.UseCases.GetAllDataScenarioConfig.WeatherIntervalsDto Modules.Scenarios.Application.UseCases.GetAllDataScenarioConfig.GetAllDataScenarioConfigHandler/<>c::<Handle>b__4_1(Modules.Scenarios.Domain.WeatherInterval)
DA:44,0
DA:45,0
DA:46,0
DA:47,0
DA:48,0
DA:49,0
DA:50,0
FN:23,System.Void Modules.Scenarios.Application.UseCases.GetAllDataScenarioConfig.GetAllDataScenarioConfigHandler/<Handle>d__4::MoveNext()
FNDA:0,System.Void Modules.Scenarios.Application.UseCases.GetAllDataScenarioConfig.GetAllDataScenarioConfigHandler/<Handle>d__4::MoveNext()
DA:24,0
DA:25,0
DA:26,0
DA:27,0
DA:29,0
DA:30,0
DA:52,0
DA:53,0
DA:54,0
DA:55,0
DA:56,0
DA:57,0
DA:58,0
DA:59,0
DA:60,0
DA:61,0
DA:62,0
DA:63,0
DA:64,0
DA:65,0
DA:66,0
DA:67,0
DA:68,0
DA:69,0
DA:70,0
DA:71,0
DA:72,0
DA:73,0
DA:74,0
BRDA:26,200,0,0
BRDA:26,200,1,0
LF:56
LH:0
BRF:2
BRH:0
FNF:4
FNH:0
end_of_record
SF:c:\Users\radug\OneDrive\Desktop\Licenta\src\Modules.Scenarios\Application\UseCases\GetAllDataScenarioConfig\AllDataScenarioConfigQuery.cs
FN:4,System.Guid Modules.Scenarios.Application.UseCases.GetAllDataScenarioConfig.GetAllDataScenarioConfigQuery::get_ScenarioConfigId()
FNDA:0,System.Guid Modules.Scenarios.Application.UseCases.GetAllDataScenarioConfig.GetAllDataScenarioConfigQuery::get_ScenarioConfigId()
DA:5,0
LF:1
LH:0
BRF:0
BRH:0
FNF:1
FNH:0
end_of_record
SF:c:\Users\radug\OneDrive\Desktop\Licenta\src\Modules.Scenarios\Application\UseCases\DeleteScenario\DeleteScenarioCommand.cs
FN:4,System.Guid Modules.Scenarios.Application.UseCases.DeleteScenario.DeleteScenarioCommand::get_ScenarioId()
FNDA:0,System.Guid Modules.Scenarios.Application.UseCases.DeleteScenario.DeleteScenarioCommand::get_ScenarioId()
DA:5,0
LF:1
LH:0
BRF:0
BRH:0
FNF:1
FNH:0
end_of_record
SF:c:\Users\radug\OneDrive\Desktop\Licenta\src\Modules.Scenarios\Application\UseCases\DeleteScenario\DeleteScenarioHandler.cs
FN:8,System.Void Modules.Scenarios.Application.UseCases.DeleteScenario.DeleteScenarioHandler::.ctor(Modules.Scenarios.Application.IScenarioConfigStore)
FNDA:0,System.Void Modules.Scenarios.Application.UseCases.DeleteScenario.DeleteScenarioHandler::.ctor(Modules.Scenarios.Application.IScenarioConfigStore)
DA:9,0
FN:11,System.Void Modules.Scenarios.Application.UseCases.DeleteScenario.DeleteScenarioHandler/<Handle>d__2::MoveNext()
FNDA:0,System.Void Modules.Scenarios.Application.UseCases.DeleteScenario.DeleteScenarioHandler/<Handle>d__2::MoveNext()
DA:12,0
DA:13,0
DA:14,0
LF:4
LH:0
BRF:0
BRH:0
FNF:2
FNH:0
end_of_record
SF:c:\Users\radug\OneDrive\Desktop\Licenta\src\Modules.Scenarios\Application\UseCases\DeleteRandomEvent\DeleteRandomEventCommand.cs
FN:4,System.Guid Modules.Scenarios.Application.UseCases.DeleteRandomEvent.DeleteRandomEventCommand::get_Id()
FNDA:0,System.Guid Modules.Scenarios.Application.UseCases.DeleteRandomEvent.DeleteRandomEventCommand::get_Id()
DA:5,0
LF:1
LH:0
BRF:0
BRH:0
FNF:1
FNH:0
end_of_record
SF:c:\Users\radug\OneDrive\Desktop\Licenta\src\Modules.Scenarios\Application\UseCases\DeleteRandomEvent\DeleteRandomEventHandler.cs
FN:9,System.Void Modules.Scenarios.Application.UseCases.DeleteRandomEvent.DeleteRandomEventHandler::.ctor(Modules.Scenarios.Application.IRandomEventStore)
FNDA:0,System.Void Modules.Scenarios.Application.UseCases.DeleteRandomEvent.DeleteRandomEventHandler::.ctor(Modules.Scenarios.Application.IRandomEventStore)
DA:10,0
DA:11,0
DA:12,0
DA:13,0
FN:15,System.Void Modules.Scenarios.Application.UseCases.DeleteRandomEvent.DeleteRandomEventHandler/<Handle>d__2::MoveNext()
FNDA:0,System.Void Modules.Scenarios.Application.UseCases.DeleteRandomEvent.DeleteRandomEventHandler/<Handle>d__2::MoveNext()
DA:16,0
DA:17,0
DA:18,0
LF:7
LH:0
BRF:0
BRH:0
FNF:2
FNH:0
end_of_record
SF:c:\Users\radug\OneDrive\Desktop\Licenta\src\Modules.Scenarios\Application\UseCases\CreateWeatherIntervals\CreateWeatherIntervalsCommand.cs
FN:5,System.Guid Modules.Scenarios.Application.UseCases.CreateWeatherIntervals.CreateWeatherIntervalsCommand::get_ScenarioConfigId()
FNDA:3,System.Guid Modules.Scenarios.Application.UseCases.CreateWeatherIntervals.CreateWeatherIntervalsCommand::get_ScenarioConfigId()
DA:6,3
LF:1
LH:1
BRF:0
BRH:0
FNF:1
FNH:1
end_of_record
SF:c:\Users\radug\OneDrive\Desktop\Licenta\src\Modules.Scenarios\Application\UseCases\CreateWeatherIntervals\CreateWeatherIntervalsHandler.cs
FN:46,System.Collections.Generic.List`1<Modules.Scenarios.Domain.WeatherInterval> Modules.Scenarios.Application.UseCases.CreateWeatherIntervals.CreateWeatherIntervalsHandler::GenerateWeatherIntervals(Modules.Scenarios.Domain.ScenarioConfig)
FNDA:2,System.Collections.Generic.List`1<Modules.Scenarios.Domain.WeatherInterval> Modules.Scenarios.Application.UseCases.CreateWeatherIntervals.CreateWeatherIntervalsHandler::GenerateWeatherIntervals(Modules.Scenarios.Domain.ScenarioConfig)
DA:47,2
DA:48,2
DA:49,2
DA:50,2
DA:51,2
DA:52,2
DA:53,2
DA:54,2
DA:55,2
DA:57,2
DA:58,0
DA:60,2
DA:61,0
DA:63,2
DA:64,0
DA:66,2
DA:67,2
DA:68,1
DA:69,1
DA:71,1
DA:73,1
DA:74,10
DA:75,4
DA:76,4
DA:77,4
DA:78,1
DA:80,4
DA:81,4
DA:82,4
DA:83,4
DA:84,4
DA:85,4
DA:86,4
DA:88,4
DA:89,4
DA:91,1
DA:92,1
BRDA:57,98,0,0
BRDA:57,98,1,2
BRDA:60,119,0,0
BRDA:60,119,1,2
BRDA:63,144,0,0
BRDA:63,144,1,2
BRDA:67,172,0,1
BRDA:67,172,1,1
BRDA:74,409,1,4
BRDA:77,325,0,1
BRDA:77,325,1,4
BRDA:74,409,0,1
FN:94,System.Int32[] Modules.Scenarios.Application.UseCases.CreateWeatherIntervals.CreateWeatherIntervalsHandler::BuildDurations(System.Int32,System.Int32,System.Int32,System.Random)
FNDA:1,System.Int32[] Modules.Scenarios.Application.UseCases.CreateWeatherIntervals.CreateWeatherIntervalsHandler::BuildDurations(System.Int32,System.Int32,System.Int32,System.Random)
DA:95,1
DA:96,1
DA:97,10
DA:98,4
DA:100,1
DA:101,121
DA:102,120
DA:103,120
DA:104,120
DA:105,120
DA:107,1
DA:108,1
BRDA:97,26,1,4
BRDA:97,26,0,1
BRDA:101,68,1,120
BRDA:101,68,0,1
FN:110,Modules.Scenarios.Domain.WeatherCondition Modules.Scenarios.Application.UseCases.CreateWeatherIntervals.CreateWeatherIntervalsHandler::PickWeather(System.Int32,System.Random)
FNDA:4,Modules.Scenarios.Domain.WeatherCondition Modules.Scenarios.Application.UseCases.CreateWeatherIntervals.CreateWeatherIntervalsHandler::PickWeather(System.Int32,System.Random)
DA:111,4
DA:112,4
DA:113,4
DA:114,4
DA:116,4
DA:117,4
DA:118,4
DA:119,4
DA:120,4
DA:121,4
DA:123,4
DA:124,4
DA:126,5
DA:127,3
DA:128,5
DA:129,2
DA:130,0
DA:131,0
DA:132,4
BRDA:113,11,0,0
BRDA:113,11,1,4
BRDA:114,23,0,0
BRDA:114,23,1,4
BRDA:126,119,0,1
BRDA:126,119,1,3
BRDA:127,140,0,0
BRDA:127,140,1,3
BRDA:128,161,0,2
BRDA:128,161,1,1
BRDA:129,183,0,1
BRDA:129,183,1,0
BRDA:130,205,0,0
BRDA:130,205,1,0
FN:13,System.Void Modules.Scenarios.Application.UseCases.CreateWeatherIntervals.CreateWeatherIntervalsHandler::.ctor(MediatR.IMediator,Modules.Scenarios.Application.IWeatherIntervalStore,Modules.Scenarios.Application.IScenarioConfigStore)
FNDA:3,System.Void Modules.Scenarios.Application.UseCases.CreateWeatherIntervals.CreateWeatherIntervalsHandler::.ctor(MediatR.IMediator,Modules.Scenarios.Application.IWeatherIntervalStore,Modules.Scenarios.Application.IScenarioConfigStore)
DA:14,3
DA:15,3
DA:16,3
DA:17,3
DA:18,3
DA:19,3
DA:20,3
DA:21,3
DA:22,3
FN:26,System.Void Modules.Scenarios.Application.UseCases.CreateWeatherIntervals.CreateWeatherIntervalsHandler/<Handle>d__4::MoveNext()
FNDA:1,System.Void Modules.Scenarios.Application.UseCases.CreateWeatherIntervals.CreateWeatherIntervalsHandler/<Handle>d__4::MoveNext()
DA:27,1
DA:28,1
DA:29,1
DA:30,0
DA:32,1
DA:33,1
DA:34,1
DA:36,1
DA:37,1
DA:39,0
DA:41,0
DA:43,0
DA:44,0
BRDA:29,200,0,0
BRDA:29,200,1,1
BRDA:36,386,0,1
BRDA:36,386,1,0
LF:90
LH:80
BRF:34
BRH:23
FNF:5
FNH:5
end_of_record
SF:c:\Users\radug\OneDrive\Desktop\Licenta\src\Modules.Scenarios\Application\UseCases\CreateScenarioConfig\CreateScenarioConfigCommand.cs
FN:6,System.Guid Modules.Scenarios.Application.UseCases.CreateScenarioConfig.CreateScenarioConfigCommand::get_AirportId()
FNDA:0,System.Guid Modules.Scenarios.Application.UseCases.CreateScenarioConfig.CreateScenarioConfigCommand::get_AirportId()
DA:7,0
FN:7,System.String Modules.Scenarios.Application.UseCases.CreateScenarioConfig.CreateScenarioConfigCommand::get_Name()
FNDA:0,System.String Modules.Scenarios.Application.UseCases.CreateScenarioConfig.CreateScenarioConfigCommand::get_Name()
DA:8,0
FN:8,System.Nullable`1<System.Int32> Modules.Scenarios.Application.UseCases.CreateScenarioConfig.CreateScenarioConfigCommand::get_Difficulty()
FNDA:0,System.Nullable`1<System.Int32> Modules.Scenarios.Application.UseCases.CreateScenarioConfig.CreateScenarioConfigCommand::get_Difficulty()
DA:9,0
FN:9,System.Nullable`1<System.DateTime> Modules.Scenarios.Application.UseCases.CreateScenarioConfig.CreateScenarioConfigCommand::get_StartTime()
FNDA:0,System.Nullable`1<System.DateTime> Modules.Scenarios.Application.UseCases.CreateScenarioConfig.CreateScenarioConfigCommand::get_StartTime()
DA:10,0
FN:10,System.Nullable`1<System.DateTime> Modules.Scenarios.Application.UseCases.CreateScenarioConfig.CreateScenarioConfigCommand::get_EndTime()
FNDA:0,System.Nullable`1<System.DateTime> Modules.Scenarios.Application.UseCases.CreateScenarioConfig.CreateScenarioConfigCommand::get_EndTime()
DA:11,0
FN:12,System.Nullable`1<System.Int32> Modules.Scenarios.Application.UseCases.CreateScenarioConfig.CreateScenarioConfigCommand::get_Seed()
FNDA:0,System.Nullable`1<System.Int32> Modules.Scenarios.Application.UseCases.CreateScenarioConfig.CreateScenarioConfigCommand::get_Seed()
DA:13,0
FN:14,System.Nullable`1<System.Int32> Modules.Scenarios.Application.UseCases.CreateScenarioConfig.CreateScenarioConfigCommand::get_AircraftCount()
FNDA:0,System.Nullable`1<System.Int32> Modules.Scenarios.Application.UseCases.CreateScenarioConfig.CreateScenarioConfigCommand::get_AircraftCount()
DA:15,0
FN:15,System.Nullable`1<System.Int32> Modules.Scenarios.Application.UseCases.CreateScenarioConfig.CreateScenarioConfigCommand::get_AircraftDifficulty()
FNDA:0,System.Nullable`1<System.Int32> Modules.Scenarios.Application.UseCases.CreateScenarioConfig.CreateScenarioConfigCommand::get_AircraftDifficulty()
DA:16,0
[...]
BRDA:240,521,0,2
FN:251,System.ValueTuple`2<System.Int32,System.Int32> Modules.Scenarios.Application.UseCases.CreateFlights.CreateFlightsHandler::GetTimingLimits(System.Int32,Modules.Aircrafts.Domain.WakeTurbulenceCategory,System.Random)
FNDA:5,System.ValueTuple`2<System.Int32,System.Int32> Modules.Scenarios.Application.UseCases.CreateFlights.CreateFlightsHandler::GetTimingLimits(System.Int32,Modules.Aircrafts.Domain.WakeTurbulenceCategory,System.Random)
DA:252,5
DA:253,5
DA:254,5
DA:256,5
DA:257,5
DA:258,5
DA:260,5
DA:261,5
DA:262,0
DA:263,5
DA:264,0
DA:265,0
DA:266,0
DA:267,5
DA:269,5
DA:270,5
DA:272,5
DA:273,5
DA:275,5
DA:276,5
DA:278,5
DA:279,5
DA:281,5
DA:282,5
BRDA:253,9,0,0
BRDA:253,9,1,5
BRDA:254,22,0,0
BRDA:254,22,1,5
BRDA:260,103,1,0
BRDA:260,103,2,5
BRDA:260,103,3,0
BRDA:260,103,4,0
BRDA:260,103,0,0
BRDA:275,254,0,0
BRDA:275,254,1,5
BRDA:276,269,0,0
BRDA:276,269,1,5
BRDA:278,284,0,0
BRDA:278,284,1,5
BRDA:279,299,0,0
BRDA:279,299,1,5
FN:16,System.Void Modules.Scenarios.Application.UseCases.CreateFlights.CreateFlightsHandler::.ctor(MediatR.IMediator,Modules.Scenarios.Application.IScenarioConfigStore,Modules.Scenarios.Application.IFlightStore)
FNDA:3,System.Void Modules.Scenarios.Application.UseCases.CreateFlights.CreateFlightsHandler::.ctor(MediatR.IMediator,Modules.Scenarios.Application.IScenarioConfigStore,Modules.Scenarios.Application.IFlightStore)
DA:17,3
DA:18,3
DA:19,3
DA:20,3
DA:21,3
DA:22,3
DA:23,3
DA:24,3
DA:25,3
FN:27,System.Void Modules.Scenarios.Application.UseCases.CreateFlights.CreateFlightsHandler/<Handle>d__5::MoveNext()
FNDA:3,System.Void Modules.Scenarios.Application.UseCases.CreateFlights.CreateFlightsHandler/<Handle>d__5::MoveNext()
DA:28,3
DA:29,3
DA:30,3
DA:31,0
DA:33,3
DA:35,2
DA:36,2
DA:37,2
DA:39,2
DA:40,1
DA:42,1
DA:44,1
DA:45,1
DA:47,1
DA:48,1
BRDA:30,209,0,0
BRDA:30,209,1,3
BRDA:39,439,0,1
BRDA:39,439,1,1
LF:202
LH:168
BRF:81
BRH:41
FNF:9
FNH:9
end_of_record
SF:c:\Users\radug\OneDrive\Desktop\Licenta\src\Modules.Solver\Domain\ScenarioSnapshot.cs
FN:8,Modules.Scenarios.Domain.ScenarioConfig Modules.Solver.Domain.ScenarioSnapshot::get_ScenarioConfig()
FNDA:56,Modules.Scenarios.Domain.ScenarioConfig Modules.Solver.Domain.ScenarioSnapshot::get_ScenarioConfig()
DA:9,56
FN:9,Modules.Airports.Domain.Airport Modules.Solver.Domain.ScenarioSnapshot::get_Airport()
FNDA:15,Modules.Airports.Domain.Airport Modules.Solver.Domain.ScenarioSnapshot::get_Airport()
DA:10,15
FN:10,System.Collections.Generic.IReadOnlyList`1<Modules.Airports.Domain.Runway> Modules.Solver.Domain.ScenarioSnapshot::get_Runways()
FNDA:21,System.Collections.Generic.IReadOnlyList`1<Modules.Airports.Domain.Runway> Modules.Solver.Domain.ScenarioSnapshot::get_Runways()
DA:11,21
FN:11,System.Collections.Generic.IReadOnlyList`1<Modules.Scenarios.Domain.Flight> Modules.Solver.Domain.ScenarioSnapshot::get_Flights()
FNDA:21,System.Collections.Generic.IReadOnlyList`1<Modules.Scenarios.Domain.Flight> Modules.Solver.Domain.ScenarioSnapshot::get_Flights()
DA:12,21
FN:12,System.Collections.Generic.IReadOnlyList`1<Modules.Scenarios.Domain.RandomEvent> Modules.Solver.Domain.ScenarioSnapshot::get_RandomEvents()
FNDA:21,System.Collections.Generic.IReadOnlyList`1<Modules.Scenarios.Domain.RandomEvent> Modules.Solver.Domain.ScenarioSnapshot::get_RandomEvents()
DA:13,21
FN:13,System.Collections.Generic.IReadOnlyList`1<Modules.Scenarios.Domain.WeatherInterval> Modules.Solver.Domain.ScenarioSnapshot::get_WeatherIntervals()
FNDA:21,System.Collections.Generic.IReadOnlyList`1<Modules.Scenarios.Domain.WeatherInterval> Modules.Solver.Domain.ScenarioSnapshot::get_WeatherIntervals()
DA:14,21
LF:6
LH:6
BRF:0
BRH:0
FNF:6
FNH:6
end_of_record
SF:c:\Users\radug\OneDrive\Desktop\Licenta\src\Modules.Solver\Domain\SolvedFlight.cs
FN:6,System.Guid Modules.Solver.Domain.SolvedFlight::get_FlightId()
FNDA:9,System.Guid Modules.Solver.Domain.SolvedFlight::get_FlightId()
DA:7,9
FN:7,System.Guid Modules.Solver.Domain.SolvedFlight::get_ScenarioConfigId()
FNDA:9,System.Guid Modules.Solver.Domain.SolvedFlight::get_ScenarioConfigId()
DA:8,9
FN:8,System.Guid Modules.Solver.Domain.SolvedFlight::get_AircraftId()
FNDA:9,System.Guid Modules.Solver.Domain.SolvedFlight::get_AircraftId()
DA:9,9
FN:9,System.String Modules.Solver.Domain.SolvedFlight::get_Callsign()
FNDA:18,System.String Modules.Solver.Domain.SolvedFlight::get_Callsign()
DA:10,18
FN:10,Modules.Scenarios.Domain.FlightType Modules.Solver.Domain.SolvedFlight::get_Type()
FNDA:9,Modules.Scenarios.Domain.FlightType Modules.Solver.Domain.SolvedFlight::get_Type()
DA:11,9
FN:11,System.Int32 Modules.Solver.Domain.SolvedFlight::get_Priority()
FNDA:13,System.Int32 Modules.Solver.Domain.SolvedFlight::get_Priority()
DA:12,13
FN:13,System.Int32 Modules.Solver.Domain.SolvedFlight::get_ProcessingOrder()
FNDA:9,System.Int32 Modules.Solver.Domain.SolvedFlight::get_ProcessingOrder()
DA:14,9
FN:15,System.DateTime Modules.Solver.Domain.SolvedFlight::get_ScheduledTime()
FNDA:9,System.DateTime Modules.Solver.Domain.SolvedFlight::get_ScheduledTime()
DA:16,9
FN:16,System.Int32 Modules.Solver.Domain.SolvedFlight::get_MaxDelayMinutes()
FNDA:9,System.Int32 Modules.Solver.Domain.SolvedFlight::get_MaxDelayMinutes()
DA:17,9
FN:17,System.Int32 Modules.Solver.Domain.SolvedFlight::get_MaxEarlyMinutes()
FNDA:9,System.Int32 Modules.Solver.Domain.SolvedFlight::get_MaxEarlyMinutes()
DA:18,9
FN:19,Modules.Solver.Domain.FlightStatus Modules.Solver.Domain.SolvedFlight::get_Status()
FNDA:45,Modules.Solver.Domain.FlightStatus Modules.Solver.Domain.SolvedFlight::get_Status()
DA:20,45
FN:20,Modules.Solver.Domain.CancellationReason Modules.Solver.Domain.SolvedFlight::get_CancellationReason()
FNDA:20,Modules.Solver.Domain.CancellationReason Modules.Solver.Domain.SolvedFlight::get_CancellationReason()
DA:21,20
FN:21,System.String Modules.Solver.Domain.SolvedFlight::get_AssignedRunway()
FNDA:10,System.String Modules.Solver.Domain.SolvedFlight::get_AssignedRunway()
DA:22,10
FN:22,System.Nullable`1<System.DateTime> Modules.Solver.Domain.SolvedFlight::get_AssignedTime()
FNDA:11,System.Nullable`1<System.DateTime> Modules.Solver.Domain.SolvedFlight::get_AssignedTime()
DA:23,11
FN:23,System.Int32 Modules.Solver.Domain.SolvedFlight::get_DelayMinutes()
FNDA:35,System.Int32 Modules.Solver.Domain.SolvedFlight::get_DelayMinutes()
DA:24,35
FN:24,System.Int32 Modules.Solver.Domain.SolvedFlight::get_EarlyMinutes()
FNDA:9,System.Int32 Modules.Solver.Domain.SolvedFlight::get_EarlyMinutes()
DA:25,9
FN:26,System.Int32 Modules.Solver.Domain.SolvedFlight::get_SeparationAppliedSeconds()
FNDA:10,System.Int32 Modules.Solver.Domain.SolvedFlight::get_SeparationAppliedSeconds()
DA:27,10
FN:27,System.Nullable`1<Modules.Scenarios.Domain.WeatherCondition> Modules.Solver.Domain.SolvedFlight::get_WeatherAtAssignment()
FNDA:9,System.Nullable`1<Modules.Scenarios.Domain.WeatherCondition> Modules.Solver.Domain.SolvedFlight::get_WeatherAtAssignment()
DA:28,9
FN:28,System.Boolean Modules.Solver.Domain.SolvedFlight::get_AffectedByRandomEvent()
FNDA:9,System.Boolean Modules.Solver.Domain.SolvedFlight::get_AffectedByRandomEvent()
DA:29,9
LF:19
LH:19
BRF:0
BRH:0
FNF:19
FNH:19
end_of_record
SF:c:\Users\radug\OneDrive\Desktop\Licenta\src\Modules.Solver\Domain\SolverResult.cs
FN:5,System.String Modules.Solver.Domain.SolverResult::get_AlgorithmName()
FNDA:13,System.String Modules.Solver.Domain.SolverResult::get_AlgorithmName()
DA:6,13
FN:7,System.Collections.Generic.IReadOnlyList`1<Modules.Solver.Domain.SolvedFlight> Modules.Solver.Domain.SolverResult::get_Flights()
FNDA:21,System.Collections.Generic.IReadOnlyList`1<Modules.Solver.Domain.SolvedFlight> Modules.Solver.Domain.SolverResult::get_Flights()
DA:8,21
FN:9,System.Int32 Modules.Solver.Domain.SolverResult::get_TotalFlights()
FNDA:7,System.Int32 Modules.Solver.Domain.SolverResult::get_TotalFlights()
DA:10,7
FN:12,System.Int32 Modules.Solver.Domain.SolverResult::get_TotalScheduledFlights()
FNDA:6,System.Int32 Modules.Solver.Domain.SolverResult::get_TotalScheduledFlights()
DA:13,6
FN:15,System.Int32 Modules.Solver.Domain.SolverResult::get_TotalOnTimeFlights()
FNDA:6,System.Int32 Modules.Solver.Domain.SolverResult::get_TotalOnTimeFlights()
DA:16,6
FN:17,System.Int32 Modules.Solver.Domain.SolverResult::get_TotalDelayedFlights()
FNDA:7,System.Int32 Modules.Solver.Domain.SolverResult::get_TotalDelayedFlights()
DA:18,7
FN:18,System.Int32 Modules.Solver.Domain.SolverResult::get_TotalCanceledFlights()
FNDA:9,System.Int32 Modules.Solver.Domain.SolverResult::get_TotalCanceledFlights()
DA:19,9
FN:20,System.Int32 Modules.Solver.Domain.SolverResult::get_TotalDelayMinutes()
FNDA:6,System.Int32 Modules.Solver.Domain.SolverResult::get_TotalDelayMinutes()
DA:21,6
FN:21,System.Double Modules.Solver.Domain.SolverResult::get_AverageDelayMinutes()
FNDA:6,System.Double Modules.Solver.Domain.SolverResult::get_AverageDelayMinutes()
DA:22,6
FN:22,System.Int32 Modules.Solver.Domain.SolverResult::get_MaxDelayMinutes()
FNDA:6,System.Int32 Modules.Solver.Domain.SolverResult::get_MaxDelayMinutes()
DA:23,6
FN:25,System.Double Modules.Solver.Domain.SolverResult::get_SolveTimeMs()
FNDA:6,System.Double Modules.Solver.Domain.SolverResult::get_SolveTimeMs()
DA:26,6
FN:28,System.Double Modules.Solver.Domain.SolverResult::get_ThroughputFlightsPerHour()
FNDA:6,System.Double Modules.Solver.Domain.SolverResult::get_ThroughputFlightsPerHour()
DA:29,6
LF:12
LH:12
BRF:0
BRH:0
FNF:12
FNH:12
end_of_record
SF:c:\Users\radug\OneDrive\Desktop\Licenta\src\Modules.Solver\Application\ScenarioSnapshotLoader.cs
FN:19,System.Void Modules.Solver.Application.ScenarioSnapshotLoader::.ctor(MediatR.ISender,Modules.Scenarios.Application.IScenarioConfigStore,Modules.Airports.Application.IAirportStore)
FNDA:3,System.Void Modules.Solver.Application.ScenarioSnapshotLoader::.ctor(MediatR.ISender,Modules.Scenarios.Application.IScenarioConfigStore,Modules.Airports.Application.IAirportStore)
DA:20,3
DA:21,3
DA:22,3
DA:23,3
DA:24,3
DA:25,3
DA:26,3
DA:27,3
DA:28,3
FN:54,Modules.Scenarios.Domain.RandomEvent Modules.Solver.Application.ScenarioSnapshotLoader/<>c::<Load>b__4_1(Modules.Scenarios.Application.UseCases.GetRandomEventsByScenarioConfigId.RandomEventDto)
FNDA:1,Modules.Scenarios.Domain.RandomEvent Modules.Solver.Application.ScenarioSnapshotLoader/<>c::<Load>b__4_1(Modules.Scenarios.Application.UseCases.GetRandomEventsByScenarioConfigId.RandomEventDto)
DA:55,1
DA:56,1
DA:57,1
DA:58,1
DA:59,1
DA:60,1
DA:61,1
DA:62,1
DA:63,1
FN:66,Modules.Scenarios.Domain.Flight Modules.Solver.Application.ScenarioSnapshotLoader/<>c::<Load>b__4_2(Modules.Scenarios.Application.UseCases.GetFlights.FlightDto)
FNDA:1,Modules.Scenarios.Domain.Flight Modules.Solver.Application.ScenarioSnapshotLoader/<>c::<Load>b__4_2(Modules.Scenarios.Application.UseCases.GetFlights.FlightDto)
DA:67,1
DA:68,1
DA:69,1
DA:70,1
DA:71,1
DA:72,1
DA:73,1
DA:74,1
DA:75,1
DA:76,1
DA:77,1
FN:80,Modules.Scenarios.Domain.WeatherInterval Modules.Solver.Application.ScenarioSnapshotLoader/<>c::<Load>b__4_3(Modules.Scenarios.Application.UseCases.GetWeatherIntervals.WeatherIntervalsDto)
FNDA:1,Modules.Scenarios.Domain.WeatherInterval Modules.Solver.Application.ScenarioSnapshotLoader/<>c::<Load>b__4_3(Modules.Scenarios.Application.UseCases.GetWeatherIntervals.WeatherIntervalsDto)
DA:81,1
DA:82,1
DA:83,1
DA:84,1
DA:85,1
DA:86,1
DA:87,1
FN:94,Modules.Airports.Domain.Runway Modules.Solver.Application.ScenarioSnapshotLoader/<>c::<Load>b__4_4(Modules.Airports.Application.UseCases.GetRunwaysByAirportId.RunwayDto)
FNDA:1,Modules.Airports.Domain.Runway Modules.Solver.Application.ScenarioSnapshotLoader/<>c::<Load>b__4_4(Modules.Airports.Application.UseCases.GetRunwaysByAirportId.RunwayDto)
DA:95,1
DA:96,1
DA:97,1
DA:98,1
DA:99,1
DA:100,1
DA:101,1
FN:36,System.Boolean Modules.Solver.Application.ScenarioSnapshotLoader/<>c__DisplayClass4_0::<Load>b__0(Modules.Airports.Domain.Airport)
FNDA:3,System.Boolean Modules.Solver.Application.ScenarioSnapshotLoader/<>c__DisplayClass4_0::<Load>b__0(Modules.Airports.Domain.Airport)
DA:37,3
FN:30,System.Void Modules.Solver.Application.ScenarioSnapshotLoader/<Load>d__4::MoveNext()
FNDA:3,System.Void Modules.Solver.Application.ScenarioSnapshotLoader/<Load>d__4::MoveNext()
DA:31,3
DA:32,3
DA:33,3
DA:34,1
DA:36,2
DA:39,2
DA:40,1
DA:42,1
DA:43,1
DA:44,1
DA:46,1
DA:47,1
DA:48,1
DA:50,1
DA:51,1
DA:52,1
DA:54,1
DA:64,1
DA:66,1
DA:78,1
DA:80,1
DA:88,1
DA:90,1
DA:91,1
DA:92,1
DA:94,1
DA:102,1
DA:104,1
DA:105,1
DA:106,1
DA:107,1
DA:108,1
DA:109,1
DA:110,1
DA:111,1
DA:112,1
DA:113,1
BRDA:33,234,0,1
BRDA:33,234,1,2
BRDA:39,304,0,1
BRDA:39,304,1,1
LF:81
LH:81
BRF:4
BRH:4
FNF:7
FNH:7
end_of_record
SF:c:\Users\radug\OneDrive\Desktop\Licenta\src\Modules.Solver\Application\UseCases\GreedySolver\GreedyScenarioSolver.cs
FN:12,Modules.Solver.Domain.SolverResult Modules.Solver.Application.GreedySolver.GreedyScenarioSolver::Solve(Modules.Solver.Domain.ScenarioSnapshot)
FNDA:6,Modules.Solver.Domain.SolverResult Modules.Solver.Application.GreedySolver.GreedyScenarioSolver::Solve(Modules.Solver.Domain.ScenarioSnapshot)
DA:13,6
DA:14,6
DA:15,6
DA:16,12
DA:17,6
DA:18,6
DA:19,12
DA:21,6
DA:23,30
DA:24,9
DA:25,9
DA:26,9
DA:27,9
DA:28,1
DA:29,1
DA:30,1
DA:33,8
DA:34,8
DA:35,16
DA:37,8
DA:38,8
DA:39,8
DA:41,8
DA:42,1
DA:43,1
DA:44,1
DA:47,7
DA:48,7
DA:49,0
DA:50,0
DA:51,0
DA:54,7
DA:55,7
DA:56,7
DA:58,7
DA:59,7
DA:60,7
DA:61,7
DA:62,7
DA:63,7
DA:64,7
DA:65,7
DA:66,7
DA:67,7
DA:68,7
DA:69,7
DA:70,7
DA:71,7
DA:72,7
DA:73,7
DA:74,7
DA:75,7
DA:76,7
DA:77,7
DA:78,7
DA:79,7
DA:81,7
DA:82,7
DA:84,6
DA:85,6
DA:86,6
BRDA:23,854,1,9
BRDA:27,206,0,1
BRDA:27,206,1,8
BRDA:33,241,0,5
BRDA:33,241,1,8
BRDA:37,337,0,5
BRDA:37,337,1,3
BRDA:41,372,0,1
BRDA:41,372,1,7
BRDA:48,453,0,0
BRDA:48,453,1,7
BRDA:58,672,0,4
BRDA:58,672,1,3
BRDA:58,755,0,5
BRDA:58,755,1,2
BRDA:23,854,0,6
FN:88,System.Collections.Generic.List`1<Modules.Scenarios.Domain.Flight> Modules.Solver.Application.GreedySolver.GreedyScenarioSolver::OrderFlights(System.Collections.Generic.IReadOnlyList`1<Modules.Scenarios.Domain.Flight>)
FNDA:6,System.Collections.Generic.List`1<Modules.Scenarios.Domain.Flight> Modules.Solver.Application.GreedySolver.GreedyScenarioSolver::OrderFlights(System.Collections.Generic.IReadOnlyList`1<Modules.Scenarios.Domain.Flight>)
DA:89,6
DA:90,6
DA:91,6
DA:92,6
FN:94,System.Collections.Generic.List`1<Modules.Airports.Domain.Runway> Modules.Solver.Application.GreedySolver.GreedyScenarioSolver::GetCompatibleRunways(System.Collections.Generic.List`1<Modules.Airports.Domain.Runway>,Modules.Scenarios.Domain.FlightType)
FNDA:9,System.Collections.Generic.List`1<Modules.Airports.Domain.Runway> Modules.Solver.Application.GreedySolver.GreedyScenarioSolver::GetCompatibleRunways(System.Collections.Generic.List`1<Modules.Airports.Domain.Runway>,Modules.Scenarios.Domain.FlightType)
DA:95,9
DA:96,18
DA:97,18
DA:98,18
DA:99,18
BRDA:96,7,0,1
BRDA:96,15,0,1
BRDA:96,15,1,1
BRDA:96,23,0,1
BRDA:96,32,0,0
BRDA:96,32,1,1
BRDA:96,41,0,1
BRDA:96,50,0,0
BRDA:96,50,1,1
BRDA:96,7,1,8
BRDA:96,23,1,8
BRDA:96,41,1,8
FN:101,System.Boolean Modules.Solver.Application.GreedySolver.GreedyScenarioSolver::IsWithinScenario(Modules.Solver.Domain.ScenarioSnapshot,System.DateTime)
FNDA:8,System.Boolean Modules.Solver.Application.GreedySolver.GreedyScenarioSolver::IsWithinScenario(Modules.Solver.Domain.ScenarioSnapshot,System.DateTime)
DA:102,8
BRDA:102,17,0,8
BRDA:102,17,1,0
FN:104,Modules.Scenarios.Domain.WeatherInterval Modules.Solver.Application.GreedySolver.GreedyScenarioSolver::GetActiveWeather(Modules.Solver.Domain.ScenarioSnapshot,System.DateTime)
FNDA:9,Modules.Scenarios.Domain.WeatherInterval Modules.Solver.Application.GreedySolver.GreedyScenarioSolver::GetActiveWeather(Modules.Solver.Domain.ScenarioSnapshot,System.DateTime)
DA:105,9
BRDA:105,17,0,2
BRDA:105,17,1,0
FN:107,Modules.Scenarios.Domain.RandomEvent Modules.Solver.Application.GreedySolver.GreedyScenarioSolver::GetActiveRandomEvent(Modules.Solver.Domain.ScenarioSnapshot,System.DateTime)
FNDA:9,Modules.Scenarios.Domain.RandomEvent Modules.Solver.Application.GreedySolver.GreedyScenarioSolver::GetActiveRandomEvent(Modules.Solver.Domain.ScenarioSnapshot,System.DateTime)
DA:108,9
BRDA:108,17,0,2
BRDA:108,17,1,0
FN:119,System.TimeSpan Modules.Solver.Application.GreedySolver.GreedyScenarioSolver::CalculateSeparation(Modules.Solver.Domain.ScenarioSnapshot,Modules.Scenarios.Domain.WeatherInterval,Modules.Scenarios.Domain.RandomEvent)
FNDA:7,System.TimeSpan Modules.Solver.Application.GreedySolver.GreedyScenarioSolver::CalculateSeparation(Modules.Solver.Domain.ScenarioSnapshot,Modules.Scenarios.Domain.WeatherInterval,Modules.Scenarios.Domain.RandomEvent)
DA:120,7
DA:121,7
DA:122,7
DA:123,7
DA:124,7
DA:125,7
DA:126,7
DA:127,7
DA:128,7
DA:130,7
DA:131,7
BRDA:123,35,0,5
BRDA:123,35,1,2
BRDA:126,69,0,5
BRDA:126,69,1,2
FN:132,System.Double Modules.Solver.Application.GreedySolver.GreedyScenarioSolver::GetWeatherMultiplier(Modules.Scenarios.Domain.WeatherCondition)
FNDA:2,System.Double Modules.Solver.Application.GreedySolver.GreedyScenarioSolver::GetWeatherMultiplier(Modules.Scenarios.Domain.WeatherCondition)
DA:133,2
DA:134,2
DA:135,0
DA:136,2
DA:137,0
DA:138,0
DA:139,0
DA:140,0
DA:141,0
DA:142,2
BRDA:133,5,1,0
BRDA:133,5,2,2
BRDA:133,5,3,0
BRDA:133,5,4,0
BRDA:133,5,5,0
BRDA:133,5,6,0
BRDA:133,5,0,0
FN:144,Modules.Solver.Domain.SolvedFlight Modules.Solver.Application.GreedySolver.GreedyScenarioSolver::CreateCanceledFlight(Modules.Scenarios.Domain.Flight,System.Int32,Modules.Solver.Domain.CancellationReason)
FNDA:2,Modules.Solver.Domain.SolvedFlight Modules.Solver.Application.GreedySolver.GreedyScenarioSolver::CreateCanceledFlight(Modules.Scenarios.Domain.Flight,System.Int32,Modules.Solver.Domain.CancellationReason)
DA:145,2
DA:146,2
DA:147,2
DA:148,2
DA:149,2
DA:150,2
DA:151,2
DA:152,2
DA:153,2
DA:154,2
DA:155,2
DA:156,2
DA:157,2
DA:158,2
DA:159,2
DA:160,2
DA:161,2
DA:162,2
DA:163,2
DA:164,2
DA:165,2
DA:166,2
FN:172,Modules.Solver.Domain.SolverResult Modules.Solver.Application.GreedySolver.GreedyScenarioSolver::BuildResult(System.Collections.Generic.List`1<Modules.Solver.Domain.SolvedFlight>,System.Int32,System.Double,Modules.Solver.Domain.ScenarioSnapshot)
FNDA:6,Modules.Solver.Domain.SolverResult Modules.Solver.Application.GreedySolver.GreedyScenarioSolver::BuildResult(System.Collections.Generic.List`1<Modules.Solver.Domain.SolvedFlight>,System.Int32,System.Double,Modules.Solver.Domain.ScenarioSnapshot)
DA:173,6
DA:174,15
DA:175,15
DA:176,15
DA:177,15
DA:179,15
DA:180,15
DA:181,6
DA:183,6
DA:184,6
DA:186,6
DA:187,6
DA:188,6
DA:189,6
DA:190,6
DA:191,6
DA:192,6
DA:193,6
DA:194,6
DA:195,6
DA:196,6
DA:197,6
DA:198,6
DA:199,6
DA:200,6
DA:201,6
BRDA:180,199,0,0
BRDA:180,199,1,6
BRDA:181,245,0,2
BRDA:181,245,1,4
BRDA:184,315,0,0
BRDA:184,315,1,6
LF:142
LH:133
BRF:51
BRH:37
FNF:10
FNH:10
end_of_record
SF:c:\Users\radug\OneDrive\Desktop\Licenta\src\Modules.Solver\Application\UseCases\GreedySolver\GreedySolverHandler.cs
FN:10,System.Void Modules.Solver.Application.GreedySolver.GreedySolverHandler::.ctor(Modules.Solver.Application.IScenarioSnapshotLoader,Modules.Solver.Application.GreedySolver.GreedyScenarioSolver)
FNDA:1,System.Void Modules.Solver.Application.GreedySolver.GreedySolverHandler::.ctor(Modules.Solver.Application.IScenarioSnapshotLoader,Modules.Solver.Application.GreedySolver.GreedyScenarioSolver)
DA:11,1
DA:12,1
DA:13,1
DA:14,1
DA:15,1
DA:16,1
DA:17,1
FN:19,System.Void Modules.Solver.Application.GreedySolver.GreedySolverHandler/<Handle>d__3::MoveNext()
FNDA:1,System.Void Modules.Solver.Application.GreedySolver.GreedySolverHandler/<Handle>d__3::MoveNext()
DA:20,1
DA:21,1
DA:22,1
DA:23,1
LF:11
LH:11
BRF:0
BRH:0
FNF:2
FNH:2
end_of_record
SF:c:\Users\radug\OneDrive\Desktop\Licenta\src\Modules.Solver\Application\UseCases\GreedySolver\GreedySolverQuery.cs
FN:5,System.Guid Modules.Solver.Application.GreedySolver.GreedySolverQuery::get_ScenarioConfigId()
FNDA:2,System.Guid Modules.Solver.Application.GreedySolver.GreedySolverQuery::get_ScenarioConfigId()
DA:6,2
LF:1
LH:1
BRF:0
BRH:0
FNF:1
FNH:1
end_of_record